INFO:In n=3, n-1=2, ['x', 'x', 'x']
INFO:after 0, n=3, n-1=2, ['x', 'x', 0]
INFO:In n=2, n-1=1, ['x', 'x', 0]
INFO:after 0, n=2, n-1=1, ['x', 0, 0]
INFO:In n=1, n-1=0, ['x', 0, 0]
INFO:after 0, n=1, n-1=0, [0, 0, 0]
INFO:In n=0, n-1=-1, [0, 0, 0]
INFO:Cnadidate n=0, n-1=-1, [0, 0, 0]
INFO:after 1, n=1, n-1=0, [1, 0, 0]
INFO:In n=0, n-1=-1, [1, 0, 0]
INFO:Cnadidate n=0, n-1=-1, [1, 0, 0]
INFO:after 1, n=2, n-1=1, [1, 1, 0]
INFO:In n=1, n-1=0, [1, 1, 0]
INFO:after 0, n=1, n-1=0, [0, 1, 0]
INFO:In n=0, n-1=-1, [0, 1, 0]
INFO:Cnadidate n=0, n-1=-1, [0, 1, 0]
INFO:after 1, n=1, n-1=0, [1, 1, 0]
INFO:In n=0, n-1=-1, [1, 1, 0]
INFO:Cnadidate n=0, n-1=-1, [1, 1, 0]
INFO:after 1, n=3, n-1=2, [1, 1, 1]
INFO:In n=2, n-1=1, [1, 1, 1]
INFO:after 0, n=2, n-1=1, [1, 0, 1]
INFO:In n=1, n-1=0, [1, 0, 1]
INFO:after 0, n=1, n-1=0, [0, 0, 1]
INFO:In n=0, n-1=-1, [0, 0, 1]
INFO:Cnadidate n=0, n-1=-1, [0, 0, 1]
INFO:after 1, n=1, n-1=0, [1, 0, 1]
INFO:In n=0, n-1=-1, [1, 0, 1]
INFO:Cnadidate n=0, n-1=-1, [1, 0, 1]
INFO:after 1, n=2, n-1=1, [1, 1, 1]
INFO:In n=1, n-1=0, [1, 1, 1]
INFO:after 0, n=1, n-1=0, [0, 1, 1]
INFO:In n=0, n-1=-1, [0, 1, 1]
INFO:Cnadidate n=0, n-1=-1, [0, 1, 1]
INFO:after 1, n=1, n-1=0, [1, 1, 1]
INFO:In n=0, n-1=-1, [1, 1, 1]
INFO:Cnadidate n=0, n-1=-1, [1, 1, 1]
INFO:In n=8, n-1=7, ['x', 'x', 'x', 'x', 'x', 'x', 'x', 'x']
INFO:after 0, n=8, n-1=7, ['x', 'x', 'x', 'x', 'x', 'x', 'x', 0]
INFO:In n=7, n-1=6, ['x', 'x', 'x', 'x', 'x', 'x', 'x', 0]
INFO:after 0, n=7, n-1=6, ['x', 'x', 'x', 'x', 'x', 'x', 0, 0]
INFO:In n=6, n-1=5, ['x', 'x', 'x', 'x', 'x', 'x', 0, 0]
INFO:after 0, n=6, n-1=5, ['x', 'x', 'x', 'x', 'x', 0, 0, 0]
INFO:In n=5, n-1=4, ['x', 'x', 'x', 'x', 'x', 0, 0, 0]
INFO:after 0, n=5, n-1=4, ['x', 'x', 'x', 'x', 0, 0, 0, 0]
INFO:In n=4, n-1=3, ['x', 'x', 'x', 'x', 0, 0, 0, 0]
INFO:after 0, n=4, n-1=3, ['x', 'x', 'x', 0, 0, 0, 0, 0]
INFO:In n=3, n-1=2, ['x', 'x', 'x', 0, 0, 0, 0, 0]
INFO:after 0, n=3, n-1=2, ['x', 'x', 0, 0, 0, 0, 0, 0]
INFO:In n=2, n-1=1, ['x', 'x', 0, 0, 0, 0, 0, 0]
INFO:after 0, n=2, n-1=1, ['x', 0, 0, 0, 0, 0, 0, 0]
INFO:In n=1, n-1=0, ['x', 0, 0, 0, 0, 0, 0, 0]
INFO:after 0, n=1, n-1=0, [0, 0, 0, 0, 0, 0, 0, 0]
INFO:In n=0, n-1=-1, [0, 0, 0, 0, 0, 0, 0, 0]
INFO:Cnadidate n=0, n-1=-1, [0, 0, 0, 0, 0, 0, 0, 0]
INFO:after 1, n=1, n-1=0, [1, 0, 0, 0, 0, 0, 0, 0]
INFO:In n=0, n-1=-1, [1, 0, 0, 0, 0, 0, 0, 0]
INFO:Cnadidate n=0, n-1=-1, [1, 0, 0, 0, 0, 0, 0, 0]
INFO:after 1, n=2, n-1=1, [1, 1, 0, 0, 0, 0, 0, 0]
INFO:In n=1, n-1=0, [1, 1, 0, 0, 0, 0, 0, 0]
INFO:after 0, n=1, n-1=0, [0, 1, 0, 0, 0, 0, 0, 0]
INFO:In n=0, n-1=-1, [0, 1, 0, 0, 0, 0, 0, 0]
INFO:Cnadidate n=0, n-1=-1, [0, 1, 0, 0, 0, 0, 0, 0]
INFO:after 1, n=1, n-1=0, [1, 1, 0, 0, 0, 0, 0, 0]
INFO:In n=0, n-1=-1, [1, 1, 0, 0, 0, 0, 0, 0]
INFO:Cnadidate n=0, n-1=-1, [1, 1, 0, 0, 0, 0, 0, 0]
INFO:after 1, n=3, n-1=2, [1, 1, 1, 0, 0, 0, 0, 0]
INFO:In n=2, n-1=1, [1, 1, 1, 0, 0, 0, 0, 0]
INFO:after 0, n=2, n-1=1, [1, 0, 1, 0, 0, 0, 0, 0]
INFO:In n=1, n-1=0, [1, 0, 1, 0, 0, 0, 0, 0]
INFO:after 0, n=1, n-1=0, [0, 0, 1, 0, 0, 0, 0, 0]
INFO:In n=0, n-1=-1, [0, 0, 1, 0, 0, 0, 0, 0]
INFO:Cnadidate n=0, n-1=-1, [0, 0, 1, 0, 0, 0, 0, 0]
INFO:after 1, n=1, n-1=0, [1, 0, 1, 0, 0, 0, 0, 0]
INFO:In n=0, n-1=-1, [1, 0, 1, 0, 0, 0, 0, 0]
INFO:Cnadidate n=0, n-1=-1, [1, 0, 1, 0, 0, 0, 0, 0]
INFO:after 1, n=2, n-1=1, [1, 1, 1, 0, 0, 0, 0, 0]
INFO:In n=1, n-1=0, [1, 1, 1, 0, 0, 0, 0, 0]
INFO:after 0, n=1, n-1=0, [0, 1, 1, 0, 0, 0, 0, 0]
INFO:In n=0, n-1=-1, [0, 1, 1, 0, 0, 0, 0, 0]
INFO:Cnadidate n=0, n-1=-1, [0, 1, 1, 0, 0, 0, 0, 0]
INFO:after 1, n=1, n-1=0, [1, 1, 1, 0, 0, 0, 0, 0]
INFO:In n=0, n-1=-1, [1, 1, 1, 0, 0, 0, 0, 0]
INFO:Cnadidate n=0, n-1=-1, [1, 1, 1, 0, 0, 0, 0, 0]
INFO:after 1, n=4, n-1=3, [1, 1, 1, 1, 0, 0, 0, 0]
INFO:In n=3, n-1=2, [1, 1, 1, 1, 0, 0, 0, 0]
INFO:after 0, n=3, n-1=2, [1, 1, 0, 1, 0, 0, 0, 0]
INFO:In n=2, n-1=1, [1, 1, 0, 1, 0, 0, 0, 0]
INFO:after 0, n=2, n-1=1, [1, 0, 0, 1, 0, 0, 0, 0]
INFO:In n=1, n-1=0, [1, 0, 0, 1, 0, 0, 0, 0]
INFO:after 0, n=1, n-1=0, [0, 0, 0, 1, 0, 0, 0, 0]
INFO:In n=0, n-1=-1, [0, 0, 0, 1, 0, 0, 0, 0]
INFO:Cnadidate n=0, n-1=-1, [0, 0, 0, 1, 0, 0, 0, 0]
INFO:after 1, n=1, n-1=0, [1, 0, 0, 1, 0, 0, 0, 0]
INFO:In n=0, n-1=-1, [1, 0, 0, 1, 0, 0, 0, 0]
INFO:Cnadidate n=0, n-1=-1, [1, 0, 0, 1, 0, 0, 0, 0]
INFO:after 1, n=2, n-1=1, [1, 1, 0, 1, 0, 0, 0, 0]
INFO:In n=1, n-1=0, [1, 1, 0, 1, 0, 0, 0, 0]
INFO:after 0, n=1, n-1=0, [0, 1, 0, 1, 0, 0, 0, 0]
INFO:In n=0, n-1=-1, [0, 1, 0, 1, 0, 0, 0, 0]
INFO:Cnadidate n=0, n-1=-1, [0, 1, 0, 1, 0, 0, 0, 0]
INFO:after 1, n=1, n-1=0, [1, 1, 0, 1, 0, 0, 0, 0]
INFO:In n=0, n-1=-1, [1, 1, 0, 1, 0, 0, 0, 0]
INFO:Cnadidate n=0, n-1=-1, [1, 1, 0, 1, 0, 0, 0, 0]
INFO:after 1, n=3, n-1=2, [1, 1, 1, 1, 0, 0, 0, 0]
INFO:In n=2, n-1=1, [1, 1, 1, 1, 0, 0, 0, 0]
INFO:after 0, n=2, n-1=1, [1, 0, 1, 1, 0, 0, 0, 0]
INFO:In n=1, n-1=0, [1, 0, 1, 1, 0, 0, 0, 0]
INFO:after 0, n=1, n-1=0, [0, 0, 1, 1, 0, 0, 0, 0]
INFO:In n=0, n-1=-1, [0, 0, 1, 1, 0, 0, 0, 0]
INFO:Cnadidate n=0, n-1=-1, [0, 0, 1, 1, 0, 0, 0, 0]
INFO:after 1, n=1, n-1=0, [1, 0, 1, 1, 0, 0, 0, 0]
INFO:In n=0, n-1=-1, [1, 0, 1, 1, 0, 0, 0, 0]
INFO:Cnadidate n=0, n-1=-1, [1, 0, 1, 1, 0, 0, 0, 0]
INFO:after 1, n=2, n-1=1, [1, 1, 1, 1, 0, 0, 0, 0]
INFO:In n=1, n-1=0, [1, 1, 1, 1, 0, 0, 0, 0]
INFO:after 0, n=1, n-1=0, [0, 1, 1, 1, 0, 0, 0, 0]
INFO:In n=0, n-1=-1, [0, 1, 1, 1, 0, 0, 0, 0]
INFO:Cnadidate n=0, n-1=-1, [0, 1, 1, 1, 0, 0, 0, 0]
INFO:after 1, n=1, n-1=0, [1, 1, 1, 1, 0, 0, 0, 0]
INFO:In n=0, n-1=-1, [1, 1, 1, 1, 0, 0, 0, 0]
INFO:Cnadidate n=0, n-1=-1, [1, 1, 1, 1, 0, 0, 0, 0]
INFO:after 1, n=5, n-1=4, [1, 1, 1, 1, 1, 0, 0, 0]
INFO:In n=4, n-1=3, [1, 1, 1, 1, 1, 0, 0, 0]
INFO:after 0, n=4, n-1=3, [1, 1, 1, 0, 1, 0, 0, 0]
INFO:In n=3, n-1=2, [1, 1, 1, 0, 1, 0, 0, 0]
INFO:after 0, n=3, n-1=2, [1, 1, 0, 0, 1, 0, 0, 0]
INFO:In n=2, n-1=1, [1, 1, 0, 0, 1, 0, 0, 0]
INFO:after 0, n=2, n-1=1, [1, 0, 0, 0, 1, 0, 0, 0]
INFO:In n=1, n-1=0, [1, 0, 0, 0, 1, 0, 0, 0]
INFO:after 0, n=1, n-1=0, [0, 0, 0, 0, 1, 0, 0, 0]
INFO:In n=0, n-1=-1, [0, 0, 0, 0, 1, 0, 0, 0]
INFO:Cnadidate n=0, n-1=-1, [0, 0, 0, 0, 1, 0, 0, 0]
INFO:after 1, n=1, n-1=0, [1, 0, 0, 0, 1, 0, 0, 0]
INFO:In n=0, n-1=-1, [1, 0, 0, 0, 1, 0, 0, 0]
INFO:Cnadidate n=0, n-1=-1, [1, 0, 0, 0, 1, 0, 0, 0]
INFO:after 1, n=2, n-1=1, [1, 1, 0, 0, 1, 0, 0, 0]
INFO:In n=1, n-1=0, [1, 1, 0, 0, 1, 0, 0, 0]
INFO:after 0, n=1, n-1=0, [0, 1, 0, 0, 1, 0, 0, 0]
INFO:In n=0, n-1=-1, [0, 1, 0, 0, 1, 0, 0, 0]
INFO:Cnadidate n=0, n-1=-1, [0, 1, 0, 0, 1, 0, 0, 0]
INFO:after 1, n=1, n-1=0, [1, 1, 0, 0, 1, 0, 0, 0]
INFO:In n=0, n-1=-1, [1, 1, 0, 0, 1, 0, 0, 0]
INFO:Cnadidate n=0, n-1=-1, [1, 1, 0, 0, 1, 0, 0, 0]
INFO:after 1, n=3, n-1=2, [1, 1, 1, 0, 1, 0, 0, 0]
INFO:In n=2, n-1=1, [1, 1, 1, 0, 1, 0, 0, 0]
INFO:after 0, n=2, n-1=1, [1, 0, 1, 0, 1, 0, 0, 0]
INFO:In n=1, n-1=0, [1, 0, 1, 0, 1, 0, 0, 0]
INFO:after 0, n=1, n-1=0, [0, 0, 1, 0, 1, 0, 0, 0]
INFO:In n=0, n-1=-1, [0, 0, 1, 0, 1, 0, 0, 0]
INFO:Cnadidate n=0, n-1=-1, [0, 0, 1, 0, 1, 0, 0, 0]
INFO:after 1, n=1, n-1=0, [1, 0, 1, 0, 1, 0, 0, 0]
INFO:In n=0, n-1=-1, [1, 0, 1, 0, 1, 0, 0, 0]
INFO:Cnadidate n=0, n-1=-1, [1, 0, 1, 0, 1, 0, 0, 0]
INFO:after 1, n=2, n-1=1, [1, 1, 1, 0, 1, 0, 0, 0]
INFO:In n=1, n-1=0, [1, 1, 1, 0, 1, 0, 0, 0]
INFO:after 0, n=1, n-1=0, [0, 1, 1, 0, 1, 0, 0, 0]
INFO:In n=0, n-1=-1, [0, 1, 1, 0, 1, 0, 0, 0]
INFO:Cnadidate n=0, n-1=-1, [0, 1, 1, 0, 1, 0, 0, 0]
INFO:after 1, n=1, n-1=0, [1, 1, 1, 0, 1, 0, 0, 0]
INFO:In n=0, n-1=-1, [1, 1, 1, 0, 1, 0, 0, 0]
INFO:Cnadidate n=0, n-1=-1, [1, 1, 1, 0, 1, 0, 0, 0]
INFO:after 1, n=4, n-1=3, [1, 1, 1, 1, 1, 0, 0, 0]
INFO:In n=3, n-1=2, [1, 1, 1, 1, 1, 0, 0, 0]
INFO:after 0, n=3, n-1=2, [1, 1, 0, 1, 1, 0, 0, 0]
INFO:In n=2, n-1=1, [1, 1, 0, 1, 1, 0, 0, 0]
INFO:after 0, n=2, n-1=1, [1, 0, 0, 1, 1, 0, 0, 0]
INFO:In n=1, n-1=0, [1, 0, 0, 1, 1, 0, 0, 0]
INFO:after 0, n=1, n-1=0, [0, 0, 0, 1, 1, 0, 0, 0]
INFO:In n=0, n-1=-1, [0, 0, 0, 1, 1, 0, 0, 0]
INFO:Cnadidate n=0, n-1=-1, [0, 0, 0, 1, 1, 0, 0, 0]
INFO:after 1, n=1, n-1=0, [1, 0, 0, 1, 1, 0, 0, 0]
INFO:In n=0, n-1=-1, [1, 0, 0, 1, 1, 0, 0, 0]
INFO:Cnadidate n=0, n-1=-1, [1, 0, 0, 1, 1, 0, 0, 0]
INFO:after 1, n=2, n-1=1, [1, 1, 0, 1, 1, 0, 0, 0]
INFO:In n=1, n-1=0, [1, 1, 0, 1, 1, 0, 0, 0]
INFO:after 0, n=1, n-1=0, [0, 1, 0, 1, 1, 0, 0, 0]
INFO:In n=0, n-1=-1, [0, 1, 0, 1, 1, 0, 0, 0]
INFO:Cnadidate n=0, n-1=-1, [0, 1, 0, 1, 1, 0, 0, 0]
INFO:after 1, n=1, n-1=0, [1, 1, 0, 1, 1, 0, 0, 0]
INFO:In n=0, n-1=-1, [1, 1, 0, 1, 1, 0, 0, 0]
INFO:Cnadidate n=0, n-1=-1, [1, 1, 0, 1, 1, 0, 0, 0]
INFO:after 1, n=3, n-1=2, [1, 1, 1, 1, 1, 0, 0, 0]
INFO:In n=2, n-1=1, [1, 1, 1, 1, 1, 0, 0, 0]
INFO:after 0, n=2, n-1=1, [1, 0, 1, 1, 1, 0, 0, 0]
INFO:In n=1, n-1=0, [1, 0, 1, 1, 1, 0, 0, 0]
INFO:after 0, n=1, n-1=0, [0, 0, 1, 1, 1, 0, 0, 0]
INFO:In n=0, n-1=-1, [0, 0, 1, 1, 1, 0, 0, 0]
INFO:Cnadidate n=0, n-1=-1, [0, 0, 1, 1, 1, 0, 0, 0]
INFO:after 1, n=1, n-1=0, [1, 0, 1, 1, 1, 0, 0, 0]
INFO:In n=0, n-1=-1, [1, 0, 1, 1, 1, 0, 0, 0]
INFO:Cnadidate n=0, n-1=-1, [1, 0, 1, 1, 1, 0, 0, 0]
INFO:after 1, n=2, n-1=1, [1, 1, 1, 1, 1, 0, 0, 0]
INFO:In n=1, n-1=0, [1, 1, 1, 1, 1, 0, 0, 0]
INFO:after 0, n=1, n-1=0, [0, 1, 1, 1, 1, 0, 0, 0]
INFO:In n=0, n-1=-1, [0, 1, 1, 1, 1, 0, 0, 0]
INFO:Cnadidate n=0, n-1=-1, [0, 1, 1, 1, 1, 0, 0, 0]
INFO:after 1, n=1, n-1=0, [1, 1, 1, 1, 1, 0, 0, 0]
INFO:In n=0, n-1=-1, [1, 1, 1, 1, 1, 0, 0, 0]
INFO:Cnadidate n=0, n-1=-1, [1, 1, 1, 1, 1, 0, 0, 0]
INFO:after 1, n=6, n-1=5, [1, 1, 1, 1, 1, 1, 0, 0]
INFO:In n=5, n-1=4, [1, 1, 1, 1, 1, 1, 0, 0]
INFO:after 0, n=5, n-1=4, [1, 1, 1, 1, 0, 1, 0, 0]
INFO:In n=4, n-1=3, [1, 1, 1, 1, 0, 1, 0, 0]
INFO:after 0, n=4, n-1=3, [1, 1, 1, 0, 0, 1, 0, 0]
INFO:In n=3, n-1=2, [1, 1, 1, 0, 0, 1, 0, 0]
INFO:after 0, n=3, n-1=2, [1, 1, 0, 0, 0, 1, 0, 0]
INFO:In n=2, n-1=1, [1, 1, 0, 0, 0, 1, 0, 0]
INFO:after 0, n=2, n-1=1, [1, 0, 0, 0, 0, 1, 0, 0]
INFO:In n=1, n-1=0, [1, 0, 0, 0, 0, 1, 0, 0]
INFO:after 0, n=1, n-1=0, [0, 0, 0, 0, 0, 1, 0, 0]
INFO:In n=0, n-1=-1, [0, 0, 0, 0, 0, 1, 0, 0]
INFO:Cnadidate n=0, n-1=-1, [0, 0, 0, 0, 0, 1, 0, 0]
INFO:after 1, n=1, n-1=0, [1, 0, 0, 0, 0, 1, 0, 0]
INFO:In n=0, n-1=-1, [1, 0, 0, 0, 0, 1, 0, 0]
INFO:Cnadidate n=0, n-1=-1, [1, 0, 0, 0, 0, 1, 0, 0]
INFO:after 1, n=2, n-1=1, [1, 1, 0, 0, 0, 1, 0, 0]
INFO:In n=1, n-1=0, [1, 1, 0, 0, 0, 1, 0, 0]
INFO:after 0, n=1, n-1=0, [0, 1, 0, 0, 0, 1, 0, 0]
INFO:In n=0, n-1=-1, [0, 1, 0, 0, 0, 1, 0, 0]
INFO:Cnadidate n=0, n-1=-1, [0, 1, 0, 0, 0, 1, 0, 0]
INFO:after 1, n=1, n-1=0, [1, 1, 0, 0, 0, 1, 0, 0]
INFO:In n=0, n-1=-1, [1, 1, 0, 0, 0, 1, 0, 0]
INFO:Cnadidate n=0, n-1=-1, [1, 1, 0, 0, 0, 1, 0, 0]
INFO:after 1, n=3, n-1=2, [1, 1, 1, 0, 0, 1, 0, 0]
INFO:In n=2, n-1=1, [1, 1, 1, 0, 0, 1, 0, 0]
INFO:after 0, n=2, n-1=1, [1, 0, 1, 0, 0, 1, 0, 0]
INFO:In n=1, n-1=0, [1, 0, 1, 0, 0, 1, 0, 0]
INFO:after 0, n=1, n-1=0, [0, 0, 1, 0, 0, 1, 0, 0]
INFO:In n=0, n-1=-1, [0, 0, 1, 0, 0, 1, 0, 0]
INFO:Cnadidate n=0, n-1=-1, [0, 0, 1, 0, 0, 1, 0, 0]
INFO:after 1, n=1, n-1=0, [1, 0, 1, 0, 0, 1, 0, 0]
INFO:In n=0, n-1=-1, [1, 0, 1, 0, 0, 1, 0, 0]
INFO:Cnadidate n=0, n-1=-1, [1, 0, 1, 0, 0, 1, 0, 0]
INFO:after 1, n=2, n-1=1, [1, 1, 1, 0, 0, 1, 0, 0]
INFO:In n=1, n-1=0, [1, 1, 1, 0, 0, 1, 0, 0]
INFO:after 0, n=1, n-1=0, [0, 1, 1, 0, 0, 1, 0, 0]
INFO:In n=0, n-1=-1, [0, 1, 1, 0, 0, 1, 0, 0]
INFO:Cnadidate n=0, n-1=-1, [0, 1, 1, 0, 0, 1, 0, 0]
INFO:after 1, n=1, n-1=0, [1, 1, 1, 0, 0, 1, 0, 0]
INFO:In n=0, n-1=-1, [1, 1, 1, 0, 0, 1, 0, 0]
INFO:Cnadidate n=0, n-1=-1, [1, 1, 1, 0, 0, 1, 0, 0]
INFO:after 1, n=4, n-1=3, [1, 1, 1, 1, 0, 1, 0, 0]
INFO:In n=3, n-1=2, [1, 1, 1, 1, 0, 1, 0, 0]
INFO:after 0, n=3, n-1=2, [1, 1, 0, 1, 0, 1, 0, 0]
INFO:In n=2, n-1=1, [1, 1, 0, 1, 0, 1, 0, 0]
INFO:after 0, n=2, n-1=1, [1, 0, 0, 1, 0, 1, 0, 0]
INFO:In n=1, n-1=0, [1, 0, 0, 1, 0, 1, 0, 0]
INFO:after 0, n=1, n-1=0, [0, 0, 0, 1, 0, 1, 0, 0]
INFO:In n=0, n-1=-1, [0, 0, 0, 1, 0, 1, 0, 0]
INFO:Cnadidate n=0, n-1=-1, [0, 0, 0, 1, 0, 1, 0, 0]
INFO:after 1, n=1, n-1=0, [1, 0, 0, 1, 0, 1, 0, 0]
INFO:In n=0, n-1=-1, [1, 0, 0, 1, 0, 1, 0, 0]
INFO:Cnadidate n=0, n-1=-1, [1, 0, 0, 1, 0, 1, 0, 0]
INFO:after 1, n=2, n-1=1, [1, 1, 0, 1, 0, 1, 0, 0]
INFO:In n=1, n-1=0, [1, 1, 0, 1, 0, 1, 0, 0]
INFO:after 0, n=1, n-1=0, [0, 1, 0, 1, 0, 1, 0, 0]
INFO:In n=0, n-1=-1, [0, 1, 0, 1, 0, 1, 0, 0]
INFO:Cnadidate n=0, n-1=-1, [0, 1, 0, 1, 0, 1, 0, 0]
INFO:after 1, n=1, n-1=0, [1, 1, 0, 1, 0, 1, 0, 0]
INFO:In n=0, n-1=-1, [1, 1, 0, 1, 0, 1, 0, 0]
INFO:Cnadidate n=0, n-1=-1, [1, 1, 0, 1, 0, 1, 0, 0]
INFO:after 1, n=3, n-1=2, [1, 1, 1, 1, 0, 1, 0, 0]
INFO:In n=2, n-1=1, [1, 1, 1, 1, 0, 1, 0, 0]
INFO:after 0, n=2, n-1=1, [1, 0, 1, 1, 0, 1, 0, 0]
INFO:In n=1, n-1=0, [1, 0, 1, 1, 0, 1, 0, 0]
INFO:after 0, n=1, n-1=0, [0, 0, 1, 1, 0, 1, 0, 0]
INFO:In n=0, n-1=-1, [0, 0, 1, 1, 0, 1, 0, 0]
INFO:Cnadidate n=0, n-1=-1, [0, 0, 1, 1, 0, 1, 0, 0]
INFO:after 1, n=1, n-1=0, [1, 0, 1, 1, 0, 1, 0, 0]
INFO:In n=0, n-1=-1, [1, 0, 1, 1, 0, 1, 0, 0]
INFO:Cnadidate n=0, n-1=-1, [1, 0, 1, 1, 0, 1, 0, 0]
INFO:after 1, n=2, n-1=1, [1, 1, 1, 1, 0, 1, 0, 0]
INFO:In n=1, n-1=0, [1, 1, 1, 1, 0, 1, 0, 0]
INFO:after 0, n=1, n-1=0, [0, 1, 1, 1, 0, 1, 0, 0]
INFO:In n=0, n-1=-1, [0, 1, 1, 1, 0, 1, 0, 0]
INFO:Cnadidate n=0, n-1=-1, [0, 1, 1, 1, 0, 1, 0, 0]
INFO:after 1, n=1, n-1=0, [1, 1, 1, 1, 0, 1, 0, 0]
INFO:In n=0, n-1=-1, [1, 1, 1, 1, 0, 1, 0, 0]
INFO:Cnadidate n=0, n-1=-1, [1, 1, 1, 1, 0, 1, 0, 0]
INFO:after 1, n=5, n-1=4, [1, 1, 1, 1, 1, 1, 0, 0]
INFO:In n=4, n-1=3, [1, 1, 1, 1, 1, 1, 0, 0]
INFO:after 0, n=4, n-1=3, [1, 1, 1, 0, 1, 1, 0, 0]
INFO:In n=3, n-1=2, [1, 1, 1, 0, 1, 1, 0, 0]
INFO:after 0, n=3, n-1=2, [1, 1, 0, 0, 1, 1, 0, 0]
INFO:In n=2, n-1=1, [1, 1, 0, 0, 1, 1, 0, 0]
INFO:after 0, n=2, n-1=1, [1, 0, 0, 0, 1, 1, 0, 0]
INFO:In n=1, n-1=0, [1, 0, 0, 0, 1, 1, 0, 0]
INFO:after 0, n=1, n-1=0, [0, 0, 0, 0, 1, 1, 0, 0]
INFO:In n=0, n-1=-1, [0, 0, 0, 0, 1, 1, 0, 0]
INFO:Cnadidate n=0, n-1=-1, [0, 0, 0, 0, 1, 1, 0, 0]
INFO:after 1, n=1, n-1=0, [1, 0, 0, 0, 1, 1, 0, 0]
INFO:In n=0, n-1=-1, [1, 0, 0, 0, 1, 1, 0, 0]
INFO:Cnadidate n=0, n-1=-1, [1, 0, 0, 0, 1, 1, 0, 0]
INFO:after 1, n=2, n-1=1, [1, 1, 0, 0, 1, 1, 0, 0]
INFO:In n=1, n-1=0, [1, 1, 0, 0, 1, 1, 0, 0]
INFO:after 0, n=1, n-1=0, [0, 1, 0, 0, 1, 1, 0, 0]
INFO:In n=0, n-1=-1, [0, 1, 0, 0, 1, 1, 0, 0]
INFO:Cnadidate n=0, n-1=-1, [0, 1, 0, 0, 1, 1, 0, 0]
INFO:after 1, n=1, n-1=0, [1, 1, 0, 0, 1, 1, 0, 0]
INFO:In n=0, n-1=-1, [1, 1, 0, 0, 1, 1, 0, 0]
INFO:Cnadidate n=0, n-1=-1, [1, 1, 0, 0, 1, 1, 0, 0]
INFO:after 1, n=3, n-1=2, [1, 1, 1, 0, 1, 1, 0, 0]
INFO:In n=2, n-1=1, [1, 1, 1, 0, 1, 1, 0, 0]
INFO:after 0, n=2, n-1=1, [1, 0, 1, 0, 1, 1, 0, 0]
INFO:In n=1, n-1=0, [1, 0, 1, 0, 1, 1, 0, 0]
INFO:after 0, n=1, n-1=0, [0, 0, 1, 0, 1, 1, 0, 0]
INFO:In n=0, n-1=-1, [0, 0, 1, 0, 1, 1, 0, 0]
INFO:Cnadidate n=0, n-1=-1, [0, 0, 1, 0, 1, 1, 0, 0]
INFO:after 1, n=1, n-1=0, [1, 0, 1, 0, 1, 1, 0, 0]
INFO:In n=0, n-1=-1, [1, 0, 1, 0, 1, 1, 0, 0]
INFO:Cnadidate n=0, n-1=-1, [1, 0, 1, 0, 1, 1, 0, 0]
INFO:after 1, n=2, n-1=1, [1, 1, 1, 0, 1, 1, 0, 0]
INFO:In n=1, n-1=0, [1, 1, 1, 0, 1, 1, 0, 0]
INFO:after 0, n=1, n-1=0, [0, 1, 1, 0, 1, 1, 0, 0]
INFO:In n=0, n-1=-1, [0, 1, 1, 0, 1, 1, 0, 0]
INFO:Cnadidate n=0, n-1=-1, [0, 1, 1, 0, 1, 1, 0, 0]
INFO:after 1, n=1, n-1=0, [1, 1, 1, 0, 1, 1, 0, 0]
INFO:In n=0, n-1=-1, [1, 1, 1, 0, 1, 1, 0, 0]
INFO:Cnadidate n=0, n-1=-1, [1, 1, 1, 0, 1, 1, 0, 0]
INFO:after 1, n=4, n-1=3, [1, 1, 1, 1, 1, 1, 0, 0]
INFO:In n=3, n-1=2, [1, 1, 1, 1, 1, 1, 0, 0]
INFO:after 0, n=3, n-1=2, [1, 1, 0, 1, 1, 1, 0, 0]
INFO:In n=2, n-1=1, [1, 1, 0, 1, 1, 1, 0, 0]
INFO:after 0, n=2, n-1=1, [1, 0, 0, 1, 1, 1, 0, 0]
INFO:In n=1, n-1=0, [1, 0, 0, 1, 1, 1, 0, 0]
INFO:after 0, n=1, n-1=0, [0, 0, 0, 1, 1, 1, 0, 0]
INFO:In n=0, n-1=-1, [0, 0, 0, 1, 1, 1, 0, 0]
INFO:Cnadidate n=0, n-1=-1, [0, 0, 0, 1, 1, 1, 0, 0]
INFO:after 1, n=1, n-1=0, [1, 0, 0, 1, 1, 1, 0, 0]
INFO:In n=0, n-1=-1, [1, 0, 0, 1, 1, 1, 0, 0]
INFO:Cnadidate n=0, n-1=-1, [1, 0, 0, 1, 1, 1, 0, 0]
INFO:after 1, n=2, n-1=1, [1, 1, 0, 1, 1, 1, 0, 0]
INFO:In n=1, n-1=0, [1, 1, 0, 1, 1, 1, 0, 0]
INFO:after 0, n=1, n-1=0, [0, 1, 0, 1, 1, 1, 0, 0]
INFO:In n=0, n-1=-1, [0, 1, 0, 1, 1, 1, 0, 0]
INFO:Cnadidate n=0, n-1=-1, [0, 1, 0, 1, 1, 1, 0, 0]
INFO:after 1, n=1, n-1=0, [1, 1, 0, 1, 1, 1, 0, 0]
INFO:In n=0, n-1=-1, [1, 1, 0, 1, 1, 1, 0, 0]
INFO:Cnadidate n=0, n-1=-1, [1, 1, 0, 1, 1, 1, 0, 0]
INFO:after 1, n=3, n-1=2, [1, 1, 1, 1, 1, 1, 0, 0]
INFO:In n=2, n-1=1, [1, 1, 1, 1, 1, 1, 0, 0]
INFO:after 0, n=2, n-1=1, [1, 0, 1, 1, 1, 1, 0, 0]
INFO:In n=1, n-1=0, [1, 0, 1, 1, 1, 1, 0, 0]
INFO:after 0, n=1, n-1=0, [0, 0, 1, 1, 1, 1, 0, 0]
INFO:In n=0, n-1=-1, [0, 0, 1, 1, 1, 1, 0, 0]
INFO:Cnadidate n=0, n-1=-1, [0, 0, 1, 1, 1, 1, 0, 0]
INFO:after 1, n=1, n-1=0, [1, 0, 1, 1, 1, 1, 0, 0]
INFO:In n=0, n-1=-1, [1, 0, 1, 1, 1, 1, 0, 0]
INFO:Cnadidate n=0, n-1=-1, [1, 0, 1, 1, 1, 1, 0, 0]
INFO:after 1, n=2, n-1=1, [1, 1, 1, 1, 1, 1, 0, 0]
INFO:In n=1, n-1=0, [1, 1, 1, 1, 1, 1, 0, 0]
INFO:after 0, n=1, n-1=0, [0, 1, 1, 1, 1, 1, 0, 0]
INFO:In n=0, n-1=-1, [0, 1, 1, 1, 1, 1, 0, 0]
INFO:Cnadidate n=0, n-1=-1, [0, 1, 1, 1, 1, 1, 0, 0]
INFO:after 1, n=1, n-1=0, [1, 1, 1, 1, 1, 1, 0, 0]
INFO:In n=0, n-1=-1, [1, 1, 1, 1, 1, 1, 0, 0]
INFO:Cnadidate n=0, n-1=-1, [1, 1, 1, 1, 1, 1, 0, 0]
INFO:after 1, n=7, n-1=6, [1, 1, 1, 1, 1, 1, 1, 0]
INFO:In n=6, n-1=5, [1, 1, 1, 1, 1, 1, 1, 0]
INFO:after 0, n=6, n-1=5, [1, 1, 1, 1, 1, 0, 1, 0]
INFO:In n=5, n-1=4, [1, 1, 1, 1, 1, 0, 1, 0]
INFO:after 0, n=5, n-1=4, [1, 1, 1, 1, 0, 0, 1, 0]
INFO:In n=4, n-1=3, [1, 1, 1, 1, 0, 0, 1, 0]
INFO:after 0, n=4, n-1=3, [1, 1, 1, 0, 0, 0, 1, 0]
INFO:In n=3, n-1=2, [1, 1, 1, 0, 0, 0, 1, 0]
INFO:after 0, n=3, n-1=2, [1, 1, 0, 0, 0, 0, 1, 0]
INFO:In n=2, n-1=1, [1, 1, 0, 0, 0, 0, 1, 0]
INFO:after 0, n=2, n-1=1, [1, 0, 0, 0, 0, 0, 1, 0]
INFO:In n=1, n-1=0, [1, 0, 0, 0, 0, 0, 1, 0]
INFO:after 0, n=1, n-1=0, [0, 0, 0, 0, 0, 0, 1, 0]
INFO:In n=0, n-1=-1, [0, 0, 0, 0, 0, 0, 1, 0]
INFO:Cnadidate n=0, n-1=-1, [0, 0, 0, 0, 0, 0, 1, 0]
INFO:after 1, n=1, n-1=0, [1, 0, 0, 0, 0, 0, 1, 0]
INFO:In n=0, n-1=-1, [1, 0, 0, 0, 0, 0, 1, 0]
INFO:Cnadidate n=0, n-1=-1, [1, 0, 0, 0, 0, 0, 1, 0]
INFO:after 1, n=2, n-1=1, [1, 1, 0, 0, 0, 0, 1, 0]
INFO:In n=1, n-1=0, [1, 1, 0, 0, 0, 0, 1, 0]
INFO:after 0, n=1, n-1=0, [0, 1, 0, 0, 0, 0, 1, 0]
INFO:In n=0, n-1=-1, [0, 1, 0, 0, 0, 0, 1, 0]
INFO:Cnadidate n=0, n-1=-1, [0, 1, 0, 0, 0, 0, 1, 0]
INFO:after 1, n=1, n-1=0, [1, 1, 0, 0, 0, 0, 1, 0]
INFO:In n=0, n-1=-1, [1, 1, 0, 0, 0, 0, 1, 0]
INFO:Cnadidate n=0, n-1=-1, [1, 1, 0, 0, 0, 0, 1, 0]
INFO:after 1, n=3, n-1=2, [1, 1, 1, 0, 0, 0, 1, 0]
INFO:In n=2, n-1=1, [1, 1, 1, 0, 0, 0, 1, 0]
INFO:after 0, n=2, n-1=1, [1, 0, 1, 0, 0, 0, 1, 0]
INFO:In n=1, n-1=0, [1, 0, 1, 0, 0, 0, 1, 0]
INFO:after 0, n=1, n-1=0, [0, 0, 1, 0, 0, 0, 1, 0]
INFO:In n=0, n-1=-1, [0, 0, 1, 0, 0, 0, 1, 0]
INFO:Cnadidate n=0, n-1=-1, [0, 0, 1, 0, 0, 0, 1, 0]
INFO:after 1, n=1, n-1=0, [1, 0, 1, 0, 0, 0, 1, 0]
INFO:In n=0, n-1=-1, [1, 0, 1, 0, 0, 0, 1, 0]
INFO:Cnadidate n=0, n-1=-1, [1, 0, 1, 0, 0, 0, 1, 0]
INFO:after 1, n=2, n-1=1, [1, 1, 1, 0, 0, 0, 1, 0]
INFO:In n=1, n-1=0, [1, 1, 1, 0, 0, 0, 1, 0]
INFO:after 0, n=1, n-1=0, [0, 1, 1, 0, 0, 0, 1, 0]
INFO:In n=0, n-1=-1, [0, 1, 1, 0, 0, 0, 1, 0]
INFO:Cnadidate n=0, n-1=-1, [0, 1, 1, 0, 0, 0, 1, 0]
INFO:after 1, n=1, n-1=0, [1, 1, 1, 0, 0, 0, 1, 0]
INFO:In n=0, n-1=-1, [1, 1, 1, 0, 0, 0, 1, 0]
INFO:Cnadidate n=0, n-1=-1, [1, 1, 1, 0, 0, 0, 1, 0]
INFO:after 1, n=4, n-1=3, [1, 1, 1, 1, 0, 0, 1, 0]
INFO:In n=3, n-1=2, [1, 1, 1, 1, 0, 0, 1, 0]
INFO:after 0, n=3, n-1=2, [1, 1, 0, 1, 0, 0, 1, 0]
INFO:In n=2, n-1=1, [1, 1, 0, 1, 0, 0, 1, 0]
INFO:after 0, n=2, n-1=1, [1, 0, 0, 1, 0, 0, 1, 0]
INFO:In n=1, n-1=0, [1, 0, 0, 1, 0, 0, 1, 0]
INFO:after 0, n=1, n-1=0, [0, 0, 0, 1, 0, 0, 1, 0]
INFO:In n=0, n-1=-1, [0, 0, 0, 1, 0, 0, 1, 0]
INFO:Cnadidate n=0, n-1=-1, [0, 0, 0, 1, 0, 0, 1, 0]
INFO:after 1, n=1, n-1=0, [1, 0, 0, 1, 0, 0, 1, 0]
INFO:In n=0, n-1=-1, [1, 0, 0, 1, 0, 0, 1, 0]
INFO:Cnadidate n=0, n-1=-1, [1, 0, 0, 1, 0, 0, 1, 0]
INFO:after 1, n=2, n-1=1, [1, 1, 0, 1, 0, 0, 1, 0]
INFO:In n=1, n-1=0, [1, 1, 0, 1, 0, 0, 1, 0]
INFO:after 0, n=1, n-1=0, [0, 1, 0, 1, 0, 0, 1, 0]
INFO:In n=0, n-1=-1, [0, 1, 0, 1, 0, 0, 1, 0]
INFO:Cnadidate n=0, n-1=-1, [0, 1, 0, 1, 0, 0, 1, 0]
INFO:after 1, n=1, n-1=0, [1, 1, 0, 1, 0, 0, 1, 0]
INFO:In n=0, n-1=-1, [1, 1, 0, 1, 0, 0, 1, 0]
INFO:Cnadidate n=0, n-1=-1, [1, 1, 0, 1, 0, 0, 1, 0]
INFO:after 1, n=3, n-1=2, [1, 1, 1, 1, 0, 0, 1, 0]
INFO:In n=2, n-1=1, [1, 1, 1, 1, 0, 0, 1, 0]
INFO:after 0, n=2, n-1=1, [1, 0, 1, 1, 0, 0, 1, 0]
INFO:In n=1, n-1=0, [1, 0, 1, 1, 0, 0, 1, 0]
INFO:after 0, n=1, n-1=0, [0, 0, 1, 1, 0, 0, 1, 0]
INFO:In n=0, n-1=-1, [0, 0, 1, 1, 0, 0, 1, 0]
INFO:Cnadidate n=0, n-1=-1, [0, 0, 1, 1, 0, 0, 1, 0]
INFO:after 1, n=1, n-1=0, [1, 0, 1, 1, 0, 0, 1, 0]
INFO:In n=0, n-1=-1, [1, 0, 1, 1, 0, 0, 1, 0]
INFO:Cnadidate n=0, n-1=-1, [1, 0, 1, 1, 0, 0, 1, 0]
INFO:after 1, n=2, n-1=1, [1, 1, 1, 1, 0, 0, 1, 0]
INFO:In n=1, n-1=0, [1, 1, 1, 1, 0, 0, 1, 0]
INFO:after 0, n=1, n-1=0, [0, 1, 1, 1, 0, 0, 1, 0]
INFO:In n=0, n-1=-1, [0, 1, 1, 1, 0, 0, 1, 0]
INFO:Cnadidate n=0, n-1=-1, [0, 1, 1, 1, 0, 0, 1, 0]
INFO:after 1, n=1, n-1=0, [1, 1, 1, 1, 0, 0, 1, 0]
INFO:In n=0, n-1=-1, [1, 1, 1, 1, 0, 0, 1, 0]
INFO:Cnadidate n=0, n-1=-1, [1, 1, 1, 1, 0, 0, 1, 0]
INFO:after 1, n=5, n-1=4, [1, 1, 1, 1, 1, 0, 1, 0]
INFO:In n=4, n-1=3, [1, 1, 1, 1, 1, 0, 1, 0]
INFO:after 0, n=4, n-1=3, [1, 1, 1, 0, 1, 0, 1, 0]
INFO:In n=3, n-1=2, [1, 1, 1, 0, 1, 0, 1, 0]
INFO:after 0, n=3, n-1=2, [1, 1, 0, 0, 1, 0, 1, 0]
INFO:In n=2, n-1=1, [1, 1, 0, 0, 1, 0, 1, 0]
INFO:after 0, n=2, n-1=1, [1, 0, 0, 0, 1, 0, 1, 0]
INFO:In n=1, n-1=0, [1, 0, 0, 0, 1, 0, 1, 0]
INFO:after 0, n=1, n-1=0, [0, 0, 0, 0, 1, 0, 1, 0]
INFO:In n=0, n-1=-1, [0, 0, 0, 0, 1, 0, 1, 0]
INFO:Cnadidate n=0, n-1=-1, [0, 0, 0, 0, 1, 0, 1, 0]
INFO:after 1, n=1, n-1=0, [1, 0, 0, 0, 1, 0, 1, 0]
INFO:In n=0, n-1=-1, [1, 0, 0, 0, 1, 0, 1, 0]
INFO:Cnadidate n=0, n-1=-1, [1, 0, 0, 0, 1, 0, 1, 0]
INFO:after 1, n=2, n-1=1, [1, 1, 0, 0, 1, 0, 1, 0]
INFO:In n=1, n-1=0, [1, 1, 0, 0, 1, 0, 1, 0]
INFO:after 0, n=1, n-1=0, [0, 1, 0, 0, 1, 0, 1, 0]
INFO:In n=0, n-1=-1, [0, 1, 0, 0, 1, 0, 1, 0]
INFO:Cnadidate n=0, n-1=-1, [0, 1, 0, 0, 1, 0, 1, 0]
INFO:after 1, n=1, n-1=0, [1, 1, 0, 0, 1, 0, 1, 0]
INFO:In n=0, n-1=-1, [1, 1, 0, 0, 1, 0, 1, 0]
INFO:Cnadidate n=0, n-1=-1, [1, 1, 0, 0, 1, 0, 1, 0]
INFO:after 1, n=3, n-1=2, [1, 1, 1, 0, 1, 0, 1, 0]
INFO:In n=2, n-1=1, [1, 1, 1, 0, 1, 0, 1, 0]
INFO:after 0, n=2, n-1=1, [1, 0, 1, 0, 1, 0, 1, 0]
INFO:In n=1, n-1=0, [1, 0, 1, 0, 1, 0, 1, 0]
INFO:after 0, n=1, n-1=0, [0, 0, 1, 0, 1, 0, 1, 0]
INFO:In n=0, n-1=-1, [0, 0, 1, 0, 1, 0, 1, 0]
INFO:Cnadidate n=0, n-1=-1, [0, 0, 1, 0, 1, 0, 1, 0]
INFO:after 1, n=1, n-1=0, [1, 0, 1, 0, 1, 0, 1, 0]
INFO:In n=0, n-1=-1, [1, 0, 1, 0, 1, 0, 1, 0]
INFO:Cnadidate n=0, n-1=-1, [1, 0, 1, 0, 1, 0, 1, 0]
INFO:after 1, n=2, n-1=1, [1, 1, 1, 0, 1, 0, 1, 0]
INFO:In n=1, n-1=0, [1, 1, 1, 0, 1, 0, 1, 0]
INFO:after 0, n=1, n-1=0, [0, 1, 1, 0, 1, 0, 1, 0]
INFO:In n=0, n-1=-1, [0, 1, 1, 0, 1, 0, 1, 0]
INFO:Cnadidate n=0, n-1=-1, [0, 1, 1, 0, 1, 0, 1, 0]
INFO:after 1, n=1, n-1=0, [1, 1, 1, 0, 1, 0, 1, 0]
INFO:In n=0, n-1=-1, [1, 1, 1, 0, 1, 0, 1, 0]
INFO:Cnadidate n=0, n-1=-1, [1, 1, 1, 0, 1, 0, 1, 0]
INFO:after 1, n=4, n-1=3, [1, 1, 1, 1, 1, 0, 1, 0]
INFO:In n=3, n-1=2, [1, 1, 1, 1, 1, 0, 1, 0]
INFO:after 0, n=3, n-1=2, [1, 1, 0, 1, 1, 0, 1, 0]
INFO:In n=2, n-1=1, [1, 1, 0, 1, 1, 0, 1, 0]
INFO:after 0, n=2, n-1=1, [1, 0, 0, 1, 1, 0, 1, 0]
INFO:In n=1, n-1=0, [1, 0, 0, 1, 1, 0, 1, 0]
INFO:after 0, n=1, n-1=0, [0, 0, 0, 1, 1, 0, 1, 0]
INFO:In n=0, n-1=-1, [0, 0, 0, 1, 1, 0, 1, 0]
INFO:Cnadidate n=0, n-1=-1, [0, 0, 0, 1, 1, 0, 1, 0]
INFO:after 1, n=1, n-1=0, [1, 0, 0, 1, 1, 0, 1, 0]
INFO:In n=0, n-1=-1, [1, 0, 0, 1, 1, 0, 1, 0]
INFO:Cnadidate n=0, n-1=-1, [1, 0, 0, 1, 1, 0, 1, 0]
INFO:after 1, n=2, n-1=1, [1, 1, 0, 1, 1, 0, 1, 0]
INFO:In n=1, n-1=0, [1, 1, 0, 1, 1, 0, 1, 0]
INFO:after 0, n=1, n-1=0, [0, 1, 0, 1, 1, 0, 1, 0]
INFO:In n=0, n-1=-1, [0, 1, 0, 1, 1, 0, 1, 0]
INFO:Cnadidate n=0, n-1=-1, [0, 1, 0, 1, 1, 0, 1, 0]
INFO:after 1, n=1, n-1=0, [1, 1, 0, 1, 1, 0, 1, 0]
INFO:In n=0, n-1=-1, [1, 1, 0, 1, 1, 0, 1, 0]
INFO:Cnadidate n=0, n-1=-1, [1, 1, 0, 1, 1, 0, 1, 0]
INFO:after 1, n=3, n-1=2, [1, 1, 1, 1, 1, 0, 1, 0]
INFO:In n=2, n-1=1, [1, 1, 1, 1, 1, 0, 1, 0]
INFO:after 0, n=2, n-1=1, [1, 0, 1, 1, 1, 0, 1, 0]
INFO:In n=1, n-1=0, [1, 0, 1, 1, 1, 0, 1, 0]
INFO:after 0, n=1, n-1=0, [0, 0, 1, 1, 1, 0, 1, 0]
INFO:In n=0, n-1=-1, [0, 0, 1, 1, 1, 0, 1, 0]
INFO:Cnadidate n=0, n-1=-1, [0, 0, 1, 1, 1, 0, 1, 0]
INFO:after 1, n=1, n-1=0, [1, 0, 1, 1, 1, 0, 1, 0]
INFO:In n=0, n-1=-1, [1, 0, 1, 1, 1, 0, 1, 0]
INFO:Cnadidate n=0, n-1=-1, [1, 0, 1, 1, 1, 0, 1, 0]
INFO:after 1, n=2, n-1=1, [1, 1, 1, 1, 1, 0, 1, 0]
INFO:In n=1, n-1=0, [1, 1, 1, 1, 1, 0, 1, 0]
INFO:after 0, n=1, n-1=0, [0, 1, 1, 1, 1, 0, 1, 0]
INFO:In n=0, n-1=-1, [0, 1, 1, 1, 1, 0, 1, 0]
INFO:Cnadidate n=0, n-1=-1, [0, 1, 1, 1, 1, 0, 1, 0]
INFO:after 1, n=1, n-1=0, [1, 1, 1, 1, 1, 0, 1, 0]
INFO:In n=0, n-1=-1, [1, 1, 1, 1, 1, 0, 1, 0]
INFO:Cnadidate n=0, n-1=-1, [1, 1, 1, 1, 1, 0, 1, 0]
INFO:after 1, n=6, n-1=5, [1, 1, 1, 1, 1, 1, 1, 0]
INFO:In n=5, n-1=4, [1, 1, 1, 1, 1, 1, 1, 0]
INFO:after 0, n=5, n-1=4, [1, 1, 1, 1, 0, 1, 1, 0]
INFO:In n=4, n-1=3, [1, 1, 1, 1, 0, 1, 1, 0]
INFO:after 0, n=4, n-1=3, [1, 1, 1, 0, 0, 1, 1, 0]
INFO:In n=3, n-1=2, [1, 1, 1, 0, 0, 1, 1, 0]
INFO:after 0, n=3, n-1=2, [1, 1, 0, 0, 0, 1, 1, 0]
INFO:In n=2, n-1=1, [1, 1, 0, 0, 0, 1, 1, 0]
INFO:after 0, n=2, n-1=1, [1, 0, 0, 0, 0, 1, 1, 0]
INFO:In n=1, n-1=0, [1, 0, 0, 0, 0, 1, 1, 0]
INFO:after 0, n=1, n-1=0, [0, 0, 0, 0, 0, 1, 1, 0]
INFO:In n=0, n-1=-1, [0, 0, 0, 0, 0, 1, 1, 0]
INFO:Cnadidate n=0, n-1=-1, [0, 0, 0, 0, 0, 1, 1, 0]
INFO:after 1, n=1, n-1=0, [1, 0, 0, 0, 0, 1, 1, 0]
INFO:In n=0, n-1=-1, [1, 0, 0, 0, 0, 1, 1, 0]
INFO:Cnadidate n=0, n-1=-1, [1, 0, 0, 0, 0, 1, 1, 0]
INFO:after 1, n=2, n-1=1, [1, 1, 0, 0, 0, 1, 1, 0]
INFO:In n=1, n-1=0, [1, 1, 0, 0, 0, 1, 1, 0]
INFO:after 0, n=1, n-1=0, [0, 1, 0, 0, 0, 1, 1, 0]
INFO:In n=0, n-1=-1, [0, 1, 0, 0, 0, 1, 1, 0]
INFO:Cnadidate n=0, n-1=-1, [0, 1, 0, 0, 0, 1, 1, 0]
INFO:after 1, n=1, n-1=0, [1, 1, 0, 0, 0, 1, 1, 0]
INFO:In n=0, n-1=-1, [1, 1, 0, 0, 0, 1, 1, 0]
INFO:Cnadidate n=0, n-1=-1, [1, 1, 0, 0, 0, 1, 1, 0]
INFO:after 1, n=3, n-1=2, [1, 1, 1, 0, 0, 1, 1, 0]
INFO:In n=2, n-1=1, [1, 1, 1, 0, 0, 1, 1, 0]
INFO:after 0, n=2, n-1=1, [1, 0, 1, 0, 0, 1, 1, 0]
INFO:In n=1, n-1=0, [1, 0, 1, 0, 0, 1, 1, 0]
INFO:after 0, n=1, n-1=0, [0, 0, 1, 0, 0, 1, 1, 0]
INFO:In n=0, n-1=-1, [0, 0, 1, 0, 0, 1, 1, 0]
INFO:Cnadidate n=0, n-1=-1, [0, 0, 1, 0, 0, 1, 1, 0]
INFO:after 1, n=1, n-1=0, [1, 0, 1, 0, 0, 1, 1, 0]
INFO:In n=0, n-1=-1, [1, 0, 1, 0, 0, 1, 1, 0]
INFO:Cnadidate n=0, n-1=-1, [1, 0, 1, 0, 0, 1, 1, 0]
INFO:after 1, n=2, n-1=1, [1, 1, 1, 0, 0, 1, 1, 0]
INFO:In n=1, n-1=0, [1, 1, 1, 0, 0, 1, 1, 0]
INFO:after 0, n=1, n-1=0, [0, 1, 1, 0, 0, 1, 1, 0]
INFO:In n=0, n-1=-1, [0, 1, 1, 0, 0, 1, 1, 0]
INFO:Cnadidate n=0, n-1=-1, [0, 1, 1, 0, 0, 1, 1, 0]
INFO:after 1, n=1, n-1=0, [1, 1, 1, 0, 0, 1, 1, 0]
INFO:In n=0, n-1=-1, [1, 1, 1, 0, 0, 1, 1, 0]
INFO:Cnadidate n=0, n-1=-1, [1, 1, 1, 0, 0, 1, 1, 0]
INFO:after 1, n=4, n-1=3, [1, 1, 1, 1, 0, 1, 1, 0]
INFO:In n=3, n-1=2, [1, 1, 1, 1, 0, 1, 1, 0]
INFO:after 0, n=3, n-1=2, [1, 1, 0, 1, 0, 1, 1, 0]
INFO:In n=2, n-1=1, [1, 1, 0, 1, 0, 1, 1, 0]
INFO:after 0, n=2, n-1=1, [1, 0, 0, 1, 0, 1, 1, 0]
INFO:In n=1, n-1=0, [1, 0, 0, 1, 0, 1, 1, 0]
INFO:after 0, n=1, n-1=0, [0, 0, 0, 1, 0, 1, 1, 0]
INFO:In n=0, n-1=-1, [0, 0, 0, 1, 0, 1, 1, 0]
INFO:Cnadidate n=0, n-1=-1, [0, 0, 0, 1, 0, 1, 1, 0]
INFO:after 1, n=1, n-1=0, [1, 0, 0, 1, 0, 1, 1, 0]
INFO:In n=0, n-1=-1, [1, 0, 0, 1, 0, 1, 1, 0]
INFO:Cnadidate n=0, n-1=-1, [1, 0, 0, 1, 0, 1, 1, 0]
INFO:after 1, n=2, n-1=1, [1, 1, 0, 1, 0, 1, 1, 0]
INFO:In n=1, n-1=0, [1, 1, 0, 1, 0, 1, 1, 0]
INFO:after 0, n=1, n-1=0, [0, 1, 0, 1, 0, 1, 1, 0]
INFO:In n=0, n-1=-1, [0, 1, 0, 1, 0, 1, 1, 0]
INFO:Cnadidate n=0, n-1=-1, [0, 1, 0, 1, 0, 1, 1, 0]
INFO:after 1, n=1, n-1=0, [1, 1, 0, 1, 0, 1, 1, 0]
INFO:In n=0, n-1=-1, [1, 1, 0, 1, 0, 1, 1, 0]
INFO:Cnadidate n=0, n-1=-1, [1, 1, 0, 1, 0, 1, 1, 0]
INFO:after 1, n=3, n-1=2, [1, 1, 1, 1, 0, 1, 1, 0]
INFO:In n=2, n-1=1, [1, 1, 1, 1, 0, 1, 1, 0]
INFO:after 0, n=2, n-1=1, [1, 0, 1, 1, 0, 1, 1, 0]
INFO:In n=1, n-1=0, [1, 0, 1, 1, 0, 1, 1, 0]
INFO:after 0, n=1, n-1=0, [0, 0, 1, 1, 0, 1, 1, 0]
INFO:In n=0, n-1=-1, [0, 0, 1, 1, 0, 1, 1, 0]
INFO:Cnadidate n=0, n-1=-1, [0, 0, 1, 1, 0, 1, 1, 0]
INFO:after 1, n=1, n-1=0, [1, 0, 1, 1, 0, 1, 1, 0]
INFO:In n=0, n-1=-1, [1, 0, 1, 1, 0, 1, 1, 0]
INFO:Cnadidate n=0, n-1=-1, [1, 0, 1, 1, 0, 1, 1, 0]
INFO:after 1, n=2, n-1=1, [1, 1, 1, 1, 0, 1, 1, 0]
INFO:In n=1, n-1=0, [1, 1, 1, 1, 0, 1, 1, 0]
INFO:after 0, n=1, n-1=0, [0, 1, 1, 1, 0, 1, 1, 0]
INFO:In n=0, n-1=-1, [0, 1, 1, 1, 0, 1, 1, 0]
INFO:Cnadidate n=0, n-1=-1, [0, 1, 1, 1, 0, 1, 1, 0]
INFO:after 1, n=1, n-1=0, [1, 1, 1, 1, 0, 1, 1, 0]
INFO:In n=0, n-1=-1, [1, 1, 1, 1, 0, 1, 1, 0]
INFO:Cnadidate n=0, n-1=-1, [1, 1, 1, 1, 0, 1, 1, 0]
INFO:after 1, n=5, n-1=4, [1, 1, 1, 1, 1, 1, 1, 0]
INFO:In n=4, n-1=3, [1, 1, 1, 1, 1, 1, 1, 0]
INFO:after 0, n=4, n-1=3, [1, 1, 1, 0, 1, 1, 1, 0]
INFO:In n=3, n-1=2, [1, 1, 1, 0, 1, 1, 1, 0]
INFO:after 0, n=3, n-1=2, [1, 1, 0, 0, 1, 1, 1, 0]
INFO:In n=2, n-1=1, [1, 1, 0, 0, 1, 1, 1, 0]
INFO:after 0, n=2, n-1=1, [1, 0, 0, 0, 1, 1, 1, 0]
INFO:In n=1, n-1=0, [1, 0, 0, 0, 1, 1, 1, 0]
INFO:after 0, n=1, n-1=0, [0, 0, 0, 0, 1, 1, 1, 0]
INFO:In n=0, n-1=-1, [0, 0, 0, 0, 1, 1, 1, 0]
INFO:Cnadidate n=0, n-1=-1, [0, 0, 0, 0, 1, 1, 1, 0]
INFO:after 1, n=1, n-1=0, [1, 0, 0, 0, 1, 1, 1, 0]
INFO:In n=0, n-1=-1, [1, 0, 0, 0, 1, 1, 1, 0]
INFO:Cnadidate n=0, n-1=-1, [1, 0, 0, 0, 1, 1, 1, 0]
INFO:after 1, n=2, n-1=1, [1, 1, 0, 0, 1, 1, 1, 0]
INFO:In n=1, n-1=0, [1, 1, 0, 0, 1, 1, 1, 0]
INFO:after 0, n=1, n-1=0, [0, 1, 0, 0, 1, 1, 1, 0]
INFO:In n=0, n-1=-1, [0, 1, 0, 0, 1, 1, 1, 0]
INFO:Cnadidate n=0, n-1=-1, [0, 1, 0, 0, 1, 1, 1, 0]
INFO:after 1, n=1, n-1=0, [1, 1, 0, 0, 1, 1, 1, 0]
INFO:In n=0, n-1=-1, [1, 1, 0, 0, 1, 1, 1, 0]
INFO:Cnadidate n=0, n-1=-1, [1, 1, 0, 0, 1, 1, 1, 0]
INFO:after 1, n=3, n-1=2, [1, 1, 1, 0, 1, 1, 1, 0]
INFO:In n=2, n-1=1, [1, 1, 1, 0, 1, 1, 1, 0]
INFO:after 0, n=2, n-1=1, [1, 0, 1, 0, 1, 1, 1, 0]
INFO:In n=1, n-1=0, [1, 0, 1, 0, 1, 1, 1, 0]
INFO:after 0, n=1, n-1=0, [0, 0, 1, 0, 1, 1, 1, 0]
INFO:In n=0, n-1=-1, [0, 0, 1, 0, 1, 1, 1, 0]
INFO:Cnadidate n=0, n-1=-1, [0, 0, 1, 0, 1, 1, 1, 0]
INFO:after 1, n=1, n-1=0, [1, 0, 1, 0, 1, 1, 1, 0]
INFO:In n=0, n-1=-1, [1, 0, 1, 0, 1, 1, 1, 0]
INFO:Cnadidate n=0, n-1=-1, [1, 0, 1, 0, 1, 1, 1, 0]
INFO:after 1, n=2, n-1=1, [1, 1, 1, 0, 1, 1, 1, 0]
INFO:In n=1, n-1=0, [1, 1, 1, 0, 1, 1, 1, 0]
INFO:after 0, n=1, n-1=0, [0, 1, 1, 0, 1, 1, 1, 0]
INFO:In n=0, n-1=-1, [0, 1, 1, 0, 1, 1, 1, 0]
INFO:Cnadidate n=0, n-1=-1, [0, 1, 1, 0, 1, 1, 1, 0]
INFO:after 1, n=1, n-1=0, [1, 1, 1, 0, 1, 1, 1, 0]
INFO:In n=0, n-1=-1, [1, 1, 1, 0, 1, 1, 1, 0]
INFO:Cnadidate n=0, n-1=-1, [1, 1, 1, 0, 1, 1, 1, 0]
INFO:after 1, n=4, n-1=3, [1, 1, 1, 1, 1, 1, 1, 0]
INFO:In n=3, n-1=2, [1, 1, 1, 1, 1, 1, 1, 0]
INFO:after 0, n=3, n-1=2, [1, 1, 0, 1, 1, 1, 1, 0]
INFO:In n=2, n-1=1, [1, 1, 0, 1, 1, 1, 1, 0]
INFO:after 0, n=2, n-1=1, [1, 0, 0, 1, 1, 1, 1, 0]
INFO:In n=1, n-1=0, [1, 0, 0, 1, 1, 1, 1, 0]
INFO:after 0, n=1, n-1=0, [0, 0, 0, 1, 1, 1, 1, 0]
INFO:In n=0, n-1=-1, [0, 0, 0, 1, 1, 1, 1, 0]
INFO:Cnadidate n=0, n-1=-1, [0, 0, 0, 1, 1, 1, 1, 0]
INFO:after 1, n=1, n-1=0, [1, 0, 0, 1, 1, 1, 1, 0]
INFO:In n=0, n-1=-1, [1, 0, 0, 1, 1, 1, 1, 0]
INFO:Cnadidate n=0, n-1=-1, [1, 0, 0, 1, 1, 1, 1, 0]
INFO:after 1, n=2, n-1=1, [1, 1, 0, 1, 1, 1, 1, 0]
INFO:In n=1, n-1=0, [1, 1, 0, 1, 1, 1, 1, 0]
INFO:after 0, n=1, n-1=0, [0, 1, 0, 1, 1, 1, 1, 0]
INFO:In n=0, n-1=-1, [0, 1, 0, 1, 1, 1, 1, 0]
INFO:Cnadidate n=0, n-1=-1, [0, 1, 0, 1, 1, 1, 1, 0]
INFO:after 1, n=1, n-1=0, [1, 1, 0, 1, 1, 1, 1, 0]
INFO:In n=0, n-1=-1, [1, 1, 0, 1, 1, 1, 1, 0]
INFO:Cnadidate n=0, n-1=-1, [1, 1, 0, 1, 1, 1, 1, 0]
INFO:after 1, n=3, n-1=2, [1, 1, 1, 1, 1, 1, 1, 0]
INFO:In n=2, n-1=1, [1, 1, 1, 1, 1, 1, 1, 0]
INFO:after 0, n=2, n-1=1, [1, 0, 1, 1, 1, 1, 1, 0]
INFO:In n=1, n-1=0, [1, 0, 1, 1, 1, 1, 1, 0]
INFO:after 0, n=1, n-1=0, [0, 0, 1, 1, 1, 1, 1, 0]
INFO:In n=0, n-1=-1, [0, 0, 1, 1, 1, 1, 1, 0]
INFO:Cnadidate n=0, n-1=-1, [0, 0, 1, 1, 1, 1, 1, 0]
INFO:after 1, n=1, n-1=0, [1, 0, 1, 1, 1, 1, 1, 0]
INFO:In n=0, n-1=-1, [1, 0, 1, 1, 1, 1, 1, 0]
INFO:Cnadidate n=0, n-1=-1, [1, 0, 1, 1, 1, 1, 1, 0]
INFO:after 1, n=2, n-1=1, [1, 1, 1, 1, 1, 1, 1, 0]
INFO:In n=1, n-1=0, [1, 1, 1, 1, 1, 1, 1, 0]
INFO:after 0, n=1, n-1=0, [0, 1, 1, 1, 1, 1, 1, 0]
INFO:In n=0, n-1=-1, [0, 1, 1, 1, 1, 1, 1, 0]
INFO:Cnadidate n=0, n-1=-1, [0, 1, 1, 1, 1, 1, 1, 0]
INFO:after 1, n=1, n-1=0, [1, 1, 1, 1, 1, 1, 1, 0]
INFO:In n=0, n-1=-1, [1, 1, 1, 1, 1, 1, 1, 0]
INFO:Cnadidate n=0, n-1=-1, [1, 1, 1, 1, 1, 1, 1, 0]
INFO:after 1, n=8, n-1=7, [1, 1, 1, 1, 1, 1, 1, 1]
INFO:In n=7, n-1=6, [1, 1, 1, 1, 1, 1, 1, 1]
INFO:after 0, n=7, n-1=6, [1, 1, 1, 1, 1, 1, 0, 1]
INFO:In n=6, n-1=5, [1, 1, 1, 1, 1, 1, 0, 1]
INFO:after 0, n=6, n-1=5, [1, 1, 1, 1, 1, 0, 0, 1]
INFO:In n=5, n-1=4, [1, 1, 1, 1, 1, 0, 0, 1]
INFO:after 0, n=5, n-1=4, [1, 1, 1, 1, 0, 0, 0, 1]
INFO:In n=4, n-1=3, [1, 1, 1, 1, 0, 0, 0, 1]
INFO:after 0, n=4, n-1=3, [1, 1, 1, 0, 0, 0, 0, 1]
INFO:In n=3, n-1=2, [1, 1, 1, 0, 0, 0, 0, 1]
INFO:after 0, n=3, n-1=2, [1, 1, 0, 0, 0, 0, 0, 1]
INFO:In n=2, n-1=1, [1, 1, 0, 0, 0, 0, 0, 1]
INFO:after 0, n=2, n-1=1, [1, 0, 0, 0, 0, 0, 0, 1]
INFO:In n=1, n-1=0, [1, 0, 0, 0, 0, 0, 0, 1]
INFO:after 0, n=1, n-1=0, [0, 0, 0, 0, 0, 0, 0, 1]
INFO:In n=0, n-1=-1, [0, 0, 0, 0, 0, 0, 0, 1]
INFO:Cnadidate n=0, n-1=-1, [0, 0, 0, 0, 0, 0, 0, 1]
INFO:after 1, n=1, n-1=0, [1, 0, 0, 0, 0, 0, 0, 1]
INFO:In n=0, n-1=-1, [1, 0, 0, 0, 0, 0, 0, 1]
INFO:Cnadidate n=0, n-1=-1, [1, 0, 0, 0, 0, 0, 0, 1]
INFO:after 1, n=2, n-1=1, [1, 1, 0, 0, 0, 0, 0, 1]
INFO:In n=1, n-1=0, [1, 1, 0, 0, 0, 0, 0, 1]
INFO:after 0, n=1, n-1=0, [0, 1, 0, 0, 0, 0, 0, 1]
INFO:In n=0, n-1=-1, [0, 1, 0, 0, 0, 0, 0, 1]
INFO:Cnadidate n=0, n-1=-1, [0, 1, 0, 0, 0, 0, 0, 1]
INFO:after 1, n=1, n-1=0, [1, 1, 0, 0, 0, 0, 0, 1]
INFO:In n=0, n-1=-1, [1, 1, 0, 0, 0, 0, 0, 1]
INFO:Cnadidate n=0, n-1=-1, [1, 1, 0, 0, 0, 0, 0, 1]
INFO:after 1, n=3, n-1=2, [1, 1, 1, 0, 0, 0, 0, 1]
INFO:In n=2, n-1=1, [1, 1, 1, 0, 0, 0, 0, 1]
INFO:after 0, n=2, n-1=1, [1, 0, 1, 0, 0, 0, 0, 1]
INFO:In n=1, n-1=0, [1, 0, 1, 0, 0, 0, 0, 1]
INFO:after 0, n=1, n-1=0, [0, 0, 1, 0, 0, 0, 0, 1]
INFO:In n=0, n-1=-1, [0, 0, 1, 0, 0, 0, 0, 1]
INFO:Cnadidate n=0, n-1=-1, [0, 0, 1, 0, 0, 0, 0, 1]
INFO:after 1, n=1, n-1=0, [1, 0, 1, 0, 0, 0, 0, 1]
INFO:In n=0, n-1=-1, [1, 0, 1, 0, 0, 0, 0, 1]
INFO:Cnadidate n=0, n-1=-1, [1, 0, 1, 0, 0, 0, 0, 1]
INFO:after 1, n=2, n-1=1, [1, 1, 1, 0, 0, 0, 0, 1]
INFO:In n=1, n-1=0, [1, 1, 1, 0, 0, 0, 0, 1]
INFO:after 0, n=1, n-1=0, [0, 1, 1, 0, 0, 0, 0, 1]
INFO:In n=0, n-1=-1, [0, 1, 1, 0, 0, 0, 0, 1]
INFO:Cnadidate n=0, n-1=-1, [0, 1, 1, 0, 0, 0, 0, 1]
INFO:after 1, n=1, n-1=0, [1, 1, 1, 0, 0, 0, 0, 1]
INFO:In n=0, n-1=-1, [1, 1, 1, 0, 0, 0, 0, 1]
INFO:Cnadidate n=0, n-1=-1, [1, 1, 1, 0, 0, 0, 0, 1]
INFO:after 1, n=4, n-1=3, [1, 1, 1, 1, 0, 0, 0, 1]
INFO:In n=3, n-1=2, [1, 1, 1, 1, 0, 0, 0, 1]
INFO:after 0, n=3, n-1=2, [1, 1, 0, 1, 0, 0, 0, 1]
INFO:In n=2, n-1=1, [1, 1, 0, 1, 0, 0, 0, 1]
INFO:after 0, n=2, n-1=1, [1, 0, 0, 1, 0, 0, 0, 1]
INFO:In n=1, n-1=0, [1, 0, 0, 1, 0, 0, 0, 1]
INFO:after 0, n=1, n-1=0, [0, 0, 0, 1, 0, 0, 0, 1]
INFO:In n=0, n-1=-1, [0, 0, 0, 1, 0, 0, 0, 1]
INFO:Cnadidate n=0, n-1=-1, [0, 0, 0, 1, 0, 0, 0, 1]
INFO:after 1, n=1, n-1=0, [1, 0, 0, 1, 0, 0, 0, 1]
INFO:In n=0, n-1=-1, [1, 0, 0, 1, 0, 0, 0, 1]
INFO:Cnadidate n=0, n-1=-1, [1, 0, 0, 1, 0, 0, 0, 1]
INFO:after 1, n=2, n-1=1, [1, 1, 0, 1, 0, 0, 0, 1]
INFO:In n=1, n-1=0, [1, 1, 0, 1, 0, 0, 0, 1]
INFO:after 0, n=1, n-1=0, [0, 1, 0, 1, 0, 0, 0, 1]
INFO:In n=0, n-1=-1, [0, 1, 0, 1, 0, 0, 0, 1]
INFO:Cnadidate n=0, n-1=-1, [0, 1, 0, 1, 0, 0, 0, 1]
INFO:after 1, n=1, n-1=0, [1, 1, 0, 1, 0, 0, 0, 1]
INFO:In n=0, n-1=-1, [1, 1, 0, 1, 0, 0, 0, 1]
INFO:Cnadidate n=0, n-1=-1, [1, 1, 0, 1, 0, 0, 0, 1]
INFO:after 1, n=3, n-1=2, [1, 1, 1, 1, 0, 0, 0, 1]
INFO:In n=2, n-1=1, [1, 1, 1, 1, 0, 0, 0, 1]
INFO:after 0, n=2, n-1=1, [1, 0, 1, 1, 0, 0, 0, 1]
INFO:In n=1, n-1=0, [1, 0, 1, 1, 0, 0, 0, 1]
INFO:after 0, n=1, n-1=0, [0, 0, 1, 1, 0, 0, 0, 1]
INFO:In n=0, n-1=-1, [0, 0, 1, 1, 0, 0, 0, 1]
INFO:Cnadidate n=0, n-1=-1, [0, 0, 1, 1, 0, 0, 0, 1]
INFO:after 1, n=1, n-1=0, [1, 0, 1, 1, 0, 0, 0, 1]
INFO:In n=0, n-1=-1, [1, 0, 1, 1, 0, 0, 0, 1]
INFO:Cnadidate n=0, n-1=-1, [1, 0, 1, 1, 0, 0, 0, 1]
INFO:after 1, n=2, n-1=1, [1, 1, 1, 1, 0, 0, 0, 1]
INFO:In n=1, n-1=0, [1, 1, 1, 1, 0, 0, 0, 1]
INFO:after 0, n=1, n-1=0, [0, 1, 1, 1, 0, 0, 0, 1]
INFO:In n=0, n-1=-1, [0, 1, 1, 1, 0, 0, 0, 1]
INFO:Cnadidate n=0, n-1=-1, [0, 1, 1, 1, 0, 0, 0, 1]
INFO:after 1, n=1, n-1=0, [1, 1, 1, 1, 0, 0, 0, 1]
INFO:In n=0, n-1=-1, [1, 1, 1, 1, 0, 0, 0, 1]
INFO:Cnadidate n=0, n-1=-1, [1, 1, 1, 1, 0, 0, 0, 1]
INFO:after 1, n=5, n-1=4, [1, 1, 1, 1, 1, 0, 0, 1]
INFO:In n=4, n-1=3, [1, 1, 1, 1, 1, 0, 0, 1]
INFO:after 0, n=4, n-1=3, [1, 1, 1, 0, 1, 0, 0, 1]
INFO:In n=3, n-1=2, [1, 1, 1, 0, 1, 0, 0, 1]
INFO:after 0, n=3, n-1=2, [1, 1, 0, 0, 1, 0, 0, 1]
INFO:In n=2, n-1=1, [1, 1, 0, 0, 1, 0, 0, 1]
INFO:after 0, n=2, n-1=1, [1, 0, 0, 0, 1, 0, 0, 1]
INFO:In n=1, n-1=0, [1, 0, 0, 0, 1, 0, 0, 1]
INFO:after 0, n=1, n-1=0, [0, 0, 0, 0, 1, 0, 0, 1]
INFO:In n=0, n-1=-1, [0, 0, 0, 0, 1, 0, 0, 1]
INFO:Cnadidate n=0, n-1=-1, [0, 0, 0, 0, 1, 0, 0, 1]
INFO:after 1, n=1, n-1=0, [1, 0, 0, 0, 1, 0, 0, 1]
INFO:In n=0, n-1=-1, [1, 0, 0, 0, 1, 0, 0, 1]
INFO:Cnadidate n=0, n-1=-1, [1, 0, 0, 0, 1, 0, 0, 1]
INFO:after 1, n=2, n-1=1, [1, 1, 0, 0, 1, 0, 0, 1]
INFO:In n=1, n-1=0, [1, 1, 0, 0, 1, 0, 0, 1]
INFO:after 0, n=1, n-1=0, [0, 1, 0, 0, 1, 0, 0, 1]
INFO:In n=0, n-1=-1, [0, 1, 0, 0, 1, 0, 0, 1]
INFO:Cnadidate n=0, n-1=-1, [0, 1, 0, 0, 1, 0, 0, 1]
INFO:after 1, n=1, n-1=0, [1, 1, 0, 0, 1, 0, 0, 1]
INFO:In n=0, n-1=-1, [1, 1, 0, 0, 1, 0, 0, 1]
INFO:Cnadidate n=0, n-1=-1, [1, 1, 0, 0, 1, 0, 0, 1]
INFO:after 1, n=3, n-1=2, [1, 1, 1, 0, 1, 0, 0, 1]
INFO:In n=2, n-1=1, [1, 1, 1, 0, 1, 0, 0, 1]
INFO:after 0, n=2, n-1=1, [1, 0, 1, 0, 1, 0, 0, 1]
INFO:In n=1, n-1=0, [1, 0, 1, 0, 1, 0, 0, 1]
INFO:after 0, n=1, n-1=0, [0, 0, 1, 0, 1, 0, 0, 1]
INFO:In n=0, n-1=-1, [0, 0, 1, 0, 1, 0, 0, 1]
INFO:Cnadidate n=0, n-1=-1, [0, 0, 1, 0, 1, 0, 0, 1]
INFO:after 1, n=1, n-1=0, [1, 0, 1, 0, 1, 0, 0, 1]
INFO:In n=0, n-1=-1, [1, 0, 1, 0, 1, 0, 0, 1]
INFO:Cnadidate n=0, n-1=-1, [1, 0, 1, 0, 1, 0, 0, 1]
INFO:after 1, n=2, n-1=1, [1, 1, 1, 0, 1, 0, 0, 1]
INFO:In n=1, n-1=0, [1, 1, 1, 0, 1, 0, 0, 1]
INFO:after 0, n=1, n-1=0, [0, 1, 1, 0, 1, 0, 0, 1]
INFO:In n=0, n-1=-1, [0, 1, 1, 0, 1, 0, 0, 1]
INFO:Cnadidate n=0, n-1=-1, [0, 1, 1, 0, 1, 0, 0, 1]
INFO:after 1, n=1, n-1=0, [1, 1, 1, 0, 1, 0, 0, 1]
INFO:In n=0, n-1=-1, [1, 1, 1, 0, 1, 0, 0, 1]
INFO:Cnadidate n=0, n-1=-1, [1, 1, 1, 0, 1, 0, 0, 1]
INFO:after 1, n=4, n-1=3, [1, 1, 1, 1, 1, 0, 0, 1]
INFO:In n=3, n-1=2, [1, 1, 1, 1, 1, 0, 0, 1]
INFO:after 0, n=3, n-1=2, [1, 1, 0, 1, 1, 0, 0, 1]
INFO:In n=2, n-1=1, [1, 1, 0, 1, 1, 0, 0, 1]
INFO:after 0, n=2, n-1=1, [1, 0, 0, 1, 1, 0, 0, 1]
INFO:In n=1, n-1=0, [1, 0, 0, 1, 1, 0, 0, 1]
INFO:after 0, n=1, n-1=0, [0, 0, 0, 1, 1, 0, 0, 1]
INFO:In n=0, n-1=-1, [0, 0, 0, 1, 1, 0, 0, 1]
INFO:Cnadidate n=0, n-1=-1, [0, 0, 0, 1, 1, 0, 0, 1]
INFO:after 1, n=1, n-1=0, [1, 0, 0, 1, 1, 0, 0, 1]
INFO:In n=0, n-1=-1, [1, 0, 0, 1, 1, 0, 0, 1]
INFO:Cnadidate n=0, n-1=-1, [1, 0, 0, 1, 1, 0, 0, 1]
INFO:after 1, n=2, n-1=1, [1, 1, 0, 1, 1, 0, 0, 1]
INFO:In n=1, n-1=0, [1, 1, 0, 1, 1, 0, 0, 1]
INFO:after 0, n=1, n-1=0, [0, 1, 0, 1, 1, 0, 0, 1]
INFO:In n=0, n-1=-1, [0, 1, 0, 1, 1, 0, 0, 1]
INFO:Cnadidate n=0, n-1=-1, [0, 1, 0, 1, 1, 0, 0, 1]
INFO:after 1, n=1, n-1=0, [1, 1, 0, 1, 1, 0, 0, 1]
INFO:In n=0, n-1=-1, [1, 1, 0, 1, 1, 0, 0, 1]
INFO:Cnadidate n=0, n-1=-1, [1, 1, 0, 1, 1, 0, 0, 1]
INFO:after 1, n=3, n-1=2, [1, 1, 1, 1, 1, 0, 0, 1]
INFO:In n=2, n-1=1, [1, 1, 1, 1, 1, 0, 0, 1]
INFO:after 0, n=2, n-1=1, [1, 0, 1, 1, 1, 0, 0, 1]
INFO:In n=1, n-1=0, [1, 0, 1, 1, 1, 0, 0, 1]
INFO:after 0, n=1, n-1=0, [0, 0, 1, 1, 1, 0, 0, 1]
INFO:In n=0, n-1=-1, [0, 0, 1, 1, 1, 0, 0, 1]
INFO:Cnadidate n=0, n-1=-1, [0, 0, 1, 1, 1, 0, 0, 1]
INFO:after 1, n=1, n-1=0, [1, 0, 1, 1, 1, 0, 0, 1]
INFO:In n=0, n-1=-1, [1, 0, 1, 1, 1, 0, 0, 1]
INFO:Cnadidate n=0, n-1=-1, [1, 0, 1, 1, 1, 0, 0, 1]
INFO:after 1, n=2, n-1=1, [1, 1, 1, 1, 1, 0, 0, 1]
INFO:In n=1, n-1=0, [1, 1, 1, 1, 1, 0, 0, 1]
INFO:after 0, n=1, n-1=0, [0, 1, 1, 1, 1, 0, 0, 1]
INFO:In n=0, n-1=-1, [0, 1, 1, 1, 1, 0, 0, 1]
INFO:Cnadidate n=0, n-1=-1, [0, 1, 1, 1, 1, 0, 0, 1]
INFO:after 1, n=1, n-1=0, [1, 1, 1, 1, 1, 0, 0, 1]
INFO:In n=0, n-1=-1, [1, 1, 1, 1, 1, 0, 0, 1]
INFO:Cnadidate n=0, n-1=-1, [1, 1, 1, 1, 1, 0, 0, 1]
INFO:after 1, n=6, n-1=5, [1, 1, 1, 1, 1, 1, 0, 1]
INFO:In n=5, n-1=4, [1, 1, 1, 1, 1, 1, 0, 1]
INFO:after 0, n=5, n-1=4, [1, 1, 1, 1, 0, 1, 0, 1]
INFO:In n=4, n-1=3, [1, 1, 1, 1, 0, 1, 0, 1]
INFO:after 0, n=4, n-1=3, [1, 1, 1, 0, 0, 1, 0, 1]
INFO:In n=3, n-1=2, [1, 1, 1, 0, 0, 1, 0, 1]
INFO:after 0, n=3, n-1=2, [1, 1, 0, 0, 0, 1, 0, 1]
INFO:In n=2, n-1=1, [1, 1, 0, 0, 0, 1, 0, 1]
INFO:after 0, n=2, n-1=1, [1, 0, 0, 0, 0, 1, 0, 1]
INFO:In n=1, n-1=0, [1, 0, 0, 0, 0, 1, 0, 1]
INFO:after 0, n=1, n-1=0, [0, 0, 0, 0, 0, 1, 0, 1]
INFO:In n=0, n-1=-1, [0, 0, 0, 0, 0, 1, 0, 1]
INFO:Cnadidate n=0, n-1=-1, [0, 0, 0, 0, 0, 1, 0, 1]
INFO:after 1, n=1, n-1=0, [1, 0, 0, 0, 0, 1, 0, 1]
INFO:In n=0, n-1=-1, [1, 0, 0, 0, 0, 1, 0, 1]
INFO:Cnadidate n=0, n-1=-1, [1, 0, 0, 0, 0, 1, 0, 1]
INFO:after 1, n=2, n-1=1, [1, 1, 0, 0, 0, 1, 0, 1]
INFO:In n=1, n-1=0, [1, 1, 0, 0, 0, 1, 0, 1]
INFO:after 0, n=1, n-1=0, [0, 1, 0, 0, 0, 1, 0, 1]
INFO:In n=0, n-1=-1, [0, 1, 0, 0, 0, 1, 0, 1]
INFO:Cnadidate n=0, n-1=-1, [0, 1, 0, 0, 0, 1, 0, 1]
INFO:after 1, n=1, n-1=0, [1, 1, 0, 0, 0, 1, 0, 1]
INFO:In n=0, n-1=-1, [1, 1, 0, 0, 0, 1, 0, 1]
INFO:Cnadidate n=0, n-1=-1, [1, 1, 0, 0, 0, 1, 0, 1]
INFO:after 1, n=3, n-1=2, [1, 1, 1, 0, 0, 1, 0, 1]
INFO:In n=2, n-1=1, [1, 1, 1, 0, 0, 1, 0, 1]
INFO:after 0, n=2, n-1=1, [1, 0, 1, 0, 0, 1, 0, 1]
INFO:In n=1, n-1=0, [1, 0, 1, 0, 0, 1, 0, 1]
INFO:after 0, n=1, n-1=0, [0, 0, 1, 0, 0, 1, 0, 1]
INFO:In n=0, n-1=-1, [0, 0, 1, 0, 0, 1, 0, 1]
INFO:Cnadidate n=0, n-1=-1, [0, 0, 1, 0, 0, 1, 0, 1]
INFO:after 1, n=1, n-1=0, [1, 0, 1, 0, 0, 1, 0, 1]
INFO:In n=0, n-1=-1, [1, 0, 1, 0, 0, 1, 0, 1]
INFO:Cnadidate n=0, n-1=-1, [1, 0, 1, 0, 0, 1, 0, 1]
INFO:after 1, n=2, n-1=1, [1, 1, 1, 0, 0, 1, 0, 1]
INFO:In n=1, n-1=0, [1, 1, 1, 0, 0, 1, 0, 1]
INFO:after 0, n=1, n-1=0, [0, 1, 1, 0, 0, 1, 0, 1]
INFO:In n=0, n-1=-1, [0, 1, 1, 0, 0, 1, 0, 1]
INFO:Cnadidate n=0, n-1=-1, [0, 1, 1, 0, 0, 1, 0, 1]
INFO:after 1, n=1, n-1=0, [1, 1, 1, 0, 0, 1, 0, 1]
INFO:In n=0, n-1=-1, [1, 1, 1, 0, 0, 1, 0, 1]
INFO:Cnadidate n=0, n-1=-1, [1, 1, 1, 0, 0, 1, 0, 1]
INFO:after 1, n=4, n-1=3, [1, 1, 1, 1, 0, 1, 0, 1]
INFO:In n=3, n-1=2, [1, 1, 1, 1, 0, 1, 0, 1]
INFO:after 0, n=3, n-1=2, [1, 1, 0, 1, 0, 1, 0, 1]
INFO:In n=2, n-1=1, [1, 1, 0, 1, 0, 1, 0, 1]
INFO:after 0, n=2, n-1=1, [1, 0, 0, 1, 0, 1, 0, 1]
INFO:In n=1, n-1=0, [1, 0, 0, 1, 0, 1, 0, 1]
INFO:after 0, n=1, n-1=0, [0, 0, 0, 1, 0, 1, 0, 1]
INFO:In n=0, n-1=-1, [0, 0, 0, 1, 0, 1, 0, 1]
INFO:Cnadidate n=0, n-1=-1, [0, 0, 0, 1, 0, 1, 0, 1]
INFO:after 1, n=1, n-1=0, [1, 0, 0, 1, 0, 1, 0, 1]
INFO:In n=0, n-1=-1, [1, 0, 0, 1, 0, 1, 0, 1]
INFO:Cnadidate n=0, n-1=-1, [1, 0, 0, 1, 0, 1, 0, 1]
INFO:after 1, n=2, n-1=1, [1, 1, 0, 1, 0, 1, 0, 1]
INFO:In n=1, n-1=0, [1, 1, 0, 1, 0, 1, 0, 1]
INFO:after 0, n=1, n-1=0, [0, 1, 0, 1, 0, 1, 0, 1]
INFO:In n=0, n-1=-1, [0, 1, 0, 1, 0, 1, 0, 1]
INFO:Cnadidate n=0, n-1=-1, [0, 1, 0, 1, 0, 1, 0, 1]
INFO:after 1, n=1, n-1=0, [1, 1, 0, 1, 0, 1, 0, 1]
INFO:In n=0, n-1=-1, [1, 1, 0, 1, 0, 1, 0, 1]
INFO:Cnadidate n=0, n-1=-1, [1, 1, 0, 1, 0, 1, 0, 1]
INFO:after 1, n=3, n-1=2, [1, 1, 1, 1, 0, 1, 0, 1]
INFO:In n=2, n-1=1, [1, 1, 1, 1, 0, 1, 0, 1]
INFO:after 0, n=2, n-1=1, [1, 0, 1, 1, 0, 1, 0, 1]
INFO:In n=1, n-1=0, [1, 0, 1, 1, 0, 1, 0, 1]
INFO:after 0, n=1, n-1=0, [0, 0, 1, 1, 0, 1, 0, 1]
INFO:In n=0, n-1=-1, [0, 0, 1, 1, 0, 1, 0, 1]
INFO:Cnadidate n=0, n-1=-1, [0, 0, 1, 1, 0, 1, 0, 1]
INFO:after 1, n=1, n-1=0, [1, 0, 1, 1, 0, 1, 0, 1]
INFO:In n=0, n-1=-1, [1, 0, 1, 1, 0, 1, 0, 1]
INFO:Cnadidate n=0, n-1=-1, [1, 0, 1, 1, 0, 1, 0, 1]
INFO:after 1, n=2, n-1=1, [1, 1, 1, 1, 0, 1, 0, 1]
INFO:In n=1, n-1=0, [1, 1, 1, 1, 0, 1, 0, 1]
INFO:after 0, n=1, n-1=0, [0, 1, 1, 1, 0, 1, 0, 1]
INFO:In n=0, n-1=-1, [0, 1, 1, 1, 0, 1, 0, 1]
INFO:Cnadidate n=0, n-1=-1, [0, 1, 1, 1, 0, 1, 0, 1]
INFO:after 1, n=1, n-1=0, [1, 1, 1, 1, 0, 1, 0, 1]
INFO:In n=0, n-1=-1, [1, 1, 1, 1, 0, 1, 0, 1]
INFO:Cnadidate n=0, n-1=-1, [1, 1, 1, 1, 0, 1, 0, 1]
INFO:after 1, n=5, n-1=4, [1, 1, 1, 1, 1, 1, 0, 1]
INFO:In n=4, n-1=3, [1, 1, 1, 1, 1, 1, 0, 1]
INFO:after 0, n=4, n-1=3, [1, 1, 1, 0, 1, 1, 0, 1]
INFO:In n=3, n-1=2, [1, 1, 1, 0, 1, 1, 0, 1]
INFO:after 0, n=3, n-1=2, [1, 1, 0, 0, 1, 1, 0, 1]
INFO:In n=2, n-1=1, [1, 1, 0, 0, 1, 1, 0, 1]
INFO:after 0, n=2, n-1=1, [1, 0, 0, 0, 1, 1, 0, 1]
INFO:In n=1, n-1=0, [1, 0, 0, 0, 1, 1, 0, 1]
INFO:after 0, n=1, n-1=0, [0, 0, 0, 0, 1, 1, 0, 1]
INFO:In n=0, n-1=-1, [0, 0, 0, 0, 1, 1, 0, 1]
INFO:Cnadidate n=0, n-1=-1, [0, 0, 0, 0, 1, 1, 0, 1]
INFO:after 1, n=1, n-1=0, [1, 0, 0, 0, 1, 1, 0, 1]
INFO:In n=0, n-1=-1, [1, 0, 0, 0, 1, 1, 0, 1]
INFO:Cnadidate n=0, n-1=-1, [1, 0, 0, 0, 1, 1, 0, 1]
INFO:after 1, n=2, n-1=1, [1, 1, 0, 0, 1, 1, 0, 1]
INFO:In n=1, n-1=0, [1, 1, 0, 0, 1, 1, 0, 1]
INFO:after 0, n=1, n-1=0, [0, 1, 0, 0, 1, 1, 0, 1]
INFO:In n=0, n-1=-1, [0, 1, 0, 0, 1, 1, 0, 1]
INFO:Cnadidate n=0, n-1=-1, [0, 1, 0, 0, 1, 1, 0, 1]
INFO:after 1, n=1, n-1=0, [1, 1, 0, 0, 1, 1, 0, 1]
INFO:In n=0, n-1=-1, [1, 1, 0, 0, 1, 1, 0, 1]
INFO:Cnadidate n=0, n-1=-1, [1, 1, 0, 0, 1, 1, 0, 1]
INFO:after 1, n=3, n-1=2, [1, 1, 1, 0, 1, 1, 0, 1]
INFO:In n=2, n-1=1, [1, 1, 1, 0, 1, 1, 0, 1]
INFO:after 0, n=2, n-1=1, [1, 0, 1, 0, 1, 1, 0, 1]
INFO:In n=1, n-1=0, [1, 0, 1, 0, 1, 1, 0, 1]
INFO:after 0, n=1, n-1=0, [0, 0, 1, 0, 1, 1, 0, 1]
INFO:In n=0, n-1=-1, [0, 0, 1, 0, 1, 1, 0, 1]
INFO:Cnadidate n=0, n-1=-1, [0, 0, 1, 0, 1, 1, 0, 1]
INFO:after 1, n=1, n-1=0, [1, 0, 1, 0, 1, 1, 0, 1]
INFO:In n=0, n-1=-1, [1, 0, 1, 0, 1, 1, 0, 1]
INFO:Cnadidate n=0, n-1=-1, [1, 0, 1, 0, 1, 1, 0, 1]
INFO:after 1, n=2, n-1=1, [1, 1, 1, 0, 1, 1, 0, 1]
INFO:In n=1, n-1=0, [1, 1, 1, 0, 1, 1, 0, 1]
INFO:after 0, n=1, n-1=0, [0, 1, 1, 0, 1, 1, 0, 1]
INFO:In n=0, n-1=-1, [0, 1, 1, 0, 1, 1, 0, 1]
INFO:Cnadidate n=0, n-1=-1, [0, 1, 1, 0, 1, 1, 0, 1]
INFO:after 1, n=1, n-1=0, [1, 1, 1, 0, 1, 1, 0, 1]
INFO:In n=0, n-1=-1, [1, 1, 1, 0, 1, 1, 0, 1]
INFO:Cnadidate n=0, n-1=-1, [1, 1, 1, 0, 1, 1, 0, 1]
INFO:after 1, n=4, n-1=3, [1, 1, 1, 1, 1, 1, 0, 1]
INFO:In n=3, n-1=2, [1, 1, 1, 1, 1, 1, 0, 1]
INFO:after 0, n=3, n-1=2, [1, 1, 0, 1, 1, 1, 0, 1]
INFO:In n=2, n-1=1, [1, 1, 0, 1, 1, 1, 0, 1]
INFO:after 0, n=2, n-1=1, [1, 0, 0, 1, 1, 1, 0, 1]
INFO:In n=1, n-1=0, [1, 0, 0, 1, 1, 1, 0, 1]
INFO:after 0, n=1, n-1=0, [0, 0, 0, 1, 1, 1, 0, 1]
INFO:In n=0, n-1=-1, [0, 0, 0, 1, 1, 1, 0, 1]
INFO:Cnadidate n=0, n-1=-1, [0, 0, 0, 1, 1, 1, 0, 1]
INFO:after 1, n=1, n-1=0, [1, 0, 0, 1, 1, 1, 0, 1]
INFO:In n=0, n-1=-1, [1, 0, 0, 1, 1, 1, 0, 1]
INFO:Cnadidate n=0, n-1=-1, [1, 0, 0, 1, 1, 1, 0, 1]
INFO:after 1, n=2, n-1=1, [1, 1, 0, 1, 1, 1, 0, 1]
INFO:In n=1, n-1=0, [1, 1, 0, 1, 1, 1, 0, 1]
INFO:after 0, n=1, n-1=0, [0, 1, 0, 1, 1, 1, 0, 1]
INFO:In n=0, n-1=-1, [0, 1, 0, 1, 1, 1, 0, 1]
INFO:Cnadidate n=0, n-1=-1, [0, 1, 0, 1, 1, 1, 0, 1]
INFO:after 1, n=1, n-1=0, [1, 1, 0, 1, 1, 1, 0, 1]
INFO:In n=0, n-1=-1, [1, 1, 0, 1, 1, 1, 0, 1]
INFO:Cnadidate n=0, n-1=-1, [1, 1, 0, 1, 1, 1, 0, 1]
INFO:after 1, n=3, n-1=2, [1, 1, 1, 1, 1, 1, 0, 1]
INFO:In n=2, n-1=1, [1, 1, 1, 1, 1, 1, 0, 1]
INFO:after 0, n=2, n-1=1, [1, 0, 1, 1, 1, 1, 0, 1]
INFO:In n=1, n-1=0, [1, 0, 1, 1, 1, 1, 0, 1]
INFO:after 0, n=1, n-1=0, [0, 0, 1, 1, 1, 1, 0, 1]
INFO:In n=0, n-1=-1, [0, 0, 1, 1, 1, 1, 0, 1]
INFO:Cnadidate n=0, n-1=-1, [0, 0, 1, 1, 1, 1, 0, 1]
INFO:after 1, n=1, n-1=0, [1, 0, 1, 1, 1, 1, 0, 1]
INFO:In n=0, n-1=-1, [1, 0, 1, 1, 1, 1, 0, 1]
INFO:Cnadidate n=0, n-1=-1, [1, 0, 1, 1, 1, 1, 0, 1]
INFO:after 1, n=2, n-1=1, [1, 1, 1, 1, 1, 1, 0, 1]
INFO:In n=1, n-1=0, [1, 1, 1, 1, 1, 1, 0, 1]
INFO:after 0, n=1, n-1=0, [0, 1, 1, 1, 1, 1, 0, 1]
INFO:In n=0, n-1=-1, [0, 1, 1, 1, 1, 1, 0, 1]
INFO:Cnadidate n=0, n-1=-1, [0, 1, 1, 1, 1, 1, 0, 1]
INFO:after 1, n=1, n-1=0, [1, 1, 1, 1, 1, 1, 0, 1]
INFO:In n=0, n-1=-1, [1, 1, 1, 1, 1, 1, 0, 1]
INFO:Cnadidate n=0, n-1=-1, [1, 1, 1, 1, 1, 1, 0, 1]
INFO:after 1, n=7, n-1=6, [1, 1, 1, 1, 1, 1, 1, 1]
INFO:In n=6, n-1=5, [1, 1, 1, 1, 1, 1, 1, 1]
INFO:after 0, n=6, n-1=5, [1, 1, 1, 1, 1, 0, 1, 1]
INFO:In n=5, n-1=4, [1, 1, 1, 1, 1, 0, 1, 1]
INFO:after 0, n=5, n-1=4, [1, 1, 1, 1, 0, 0, 1, 1]
INFO:In n=4, n-1=3, [1, 1, 1, 1, 0, 0, 1, 1]
INFO:after 0, n=4, n-1=3, [1, 1, 1, 0, 0, 0, 1, 1]
INFO:In n=3, n-1=2, [1, 1, 1, 0, 0, 0, 1, 1]
INFO:after 0, n=3, n-1=2, [1, 1, 0, 0, 0, 0, 1, 1]
INFO:In n=2, n-1=1, [1, 1, 0, 0, 0, 0, 1, 1]
INFO:after 0, n=2, n-1=1, [1, 0, 0, 0, 0, 0, 1, 1]
INFO:In n=1, n-1=0, [1, 0, 0, 0, 0, 0, 1, 1]
INFO:after 0, n=1, n-1=0, [0, 0, 0, 0, 0, 0, 1, 1]
INFO:In n=0, n-1=-1, [0, 0, 0, 0, 0, 0, 1, 1]
INFO:Cnadidate n=0, n-1=-1, [0, 0, 0, 0, 0, 0, 1, 1]
INFO:after 1, n=1, n-1=0, [1, 0, 0, 0, 0, 0, 1, 1]
INFO:In n=0, n-1=-1, [1, 0, 0, 0, 0, 0, 1, 1]
INFO:Cnadidate n=0, n-1=-1, [1, 0, 0, 0, 0, 0, 1, 1]
INFO:after 1, n=2, n-1=1, [1, 1, 0, 0, 0, 0, 1, 1]
INFO:In n=1, n-1=0, [1, 1, 0, 0, 0, 0, 1, 1]
INFO:after 0, n=1, n-1=0, [0, 1, 0, 0, 0, 0, 1, 1]
INFO:In n=0, n-1=-1, [0, 1, 0, 0, 0, 0, 1, 1]
INFO:Cnadidate n=0, n-1=-1, [0, 1, 0, 0, 0, 0, 1, 1]
INFO:after 1, n=1, n-1=0, [1, 1, 0, 0, 0, 0, 1, 1]
INFO:In n=0, n-1=-1, [1, 1, 0, 0, 0, 0, 1, 1]
INFO:Cnadidate n=0, n-1=-1, [1, 1, 0, 0, 0, 0, 1, 1]
INFO:after 1, n=3, n-1=2, [1, 1, 1, 0, 0, 0, 1, 1]
INFO:In n=2, n-1=1, [1, 1, 1, 0, 0, 0, 1, 1]
INFO:after 0, n=2, n-1=1, [1, 0, 1, 0, 0, 0, 1, 1]
INFO:In n=1, n-1=0, [1, 0, 1, 0, 0, 0, 1, 1]
INFO:after 0, n=1, n-1=0, [0, 0, 1, 0, 0, 0, 1, 1]
INFO:In n=0, n-1=-1, [0, 0, 1, 0, 0, 0, 1, 1]
INFO:Cnadidate n=0, n-1=-1, [0, 0, 1, 0, 0, 0, 1, 1]
INFO:after 1, n=1, n-1=0, [1, 0, 1, 0, 0, 0, 1, 1]
INFO:In n=0, n-1=-1, [1, 0, 1, 0, 0, 0, 1, 1]
INFO:Cnadidate n=0, n-1=-1, [1, 0, 1, 0, 0, 0, 1, 1]
INFO:after 1, n=2, n-1=1, [1, 1, 1, 0, 0, 0, 1, 1]
INFO:In n=1, n-1=0, [1, 1, 1, 0, 0, 0, 1, 1]
INFO:after 0, n=1, n-1=0, [0, 1, 1, 0, 0, 0, 1, 1]
INFO:In n=0, n-1=-1, [0, 1, 1, 0, 0, 0, 1, 1]
INFO:Cnadidate n=0, n-1=-1, [0, 1, 1, 0, 0, 0, 1, 1]
INFO:after 1, n=1, n-1=0, [1, 1, 1, 0, 0, 0, 1, 1]
INFO:In n=0, n-1=-1, [1, 1, 1, 0, 0, 0, 1, 1]
INFO:Cnadidate n=0, n-1=-1, [1, 1, 1, 0, 0, 0, 1, 1]
INFO:after 1, n=4, n-1=3, [1, 1, 1, 1, 0, 0, 1, 1]
INFO:In n=3, n-1=2, [1, 1, 1, 1, 0, 0, 1, 1]
INFO:after 0, n=3, n-1=2, [1, 1, 0, 1, 0, 0, 1, 1]
INFO:In n=2, n-1=1, [1, 1, 0, 1, 0, 0, 1, 1]
INFO:after 0, n=2, n-1=1, [1, 0, 0, 1, 0, 0, 1, 1]
INFO:In n=1, n-1=0, [1, 0, 0, 1, 0, 0, 1, 1]
INFO:after 0, n=1, n-1=0, [0, 0, 0, 1, 0, 0, 1, 1]
INFO:In n=0, n-1=-1, [0, 0, 0, 1, 0, 0, 1, 1]
INFO:Cnadidate n=0, n-1=-1, [0, 0, 0, 1, 0, 0, 1, 1]
INFO:after 1, n=1, n-1=0, [1, 0, 0, 1, 0, 0, 1, 1]
INFO:In n=0, n-1=-1, [1, 0, 0, 1, 0, 0, 1, 1]
INFO:Cnadidate n=0, n-1=-1, [1, 0, 0, 1, 0, 0, 1, 1]
INFO:after 1, n=2, n-1=1, [1, 1, 0, 1, 0, 0, 1, 1]
INFO:In n=1, n-1=0, [1, 1, 0, 1, 0, 0, 1, 1]
INFO:after 0, n=1, n-1=0, [0, 1, 0, 1, 0, 0, 1, 1]
INFO:In n=0, n-1=-1, [0, 1, 0, 1, 0, 0, 1, 1]
INFO:Cnadidate n=0, n-1=-1, [0, 1, 0, 1, 0, 0, 1, 1]
INFO:after 1, n=1, n-1=0, [1, 1, 0, 1, 0, 0, 1, 1]
INFO:In n=0, n-1=-1, [1, 1, 0, 1, 0, 0, 1, 1]
INFO:Cnadidate n=0, n-1=-1, [1, 1, 0, 1, 0, 0, 1, 1]
INFO:after 1, n=3, n-1=2, [1, 1, 1, 1, 0, 0, 1, 1]
INFO:In n=2, n-1=1, [1, 1, 1, 1, 0, 0, 1, 1]
INFO:after 0, n=2, n-1=1, [1, 0, 1, 1, 0, 0, 1, 1]
INFO:In n=1, n-1=0, [1, 0, 1, 1, 0, 0, 1, 1]
INFO:after 0, n=1, n-1=0, [0, 0, 1, 1, 0, 0, 1, 1]
INFO:In n=0, n-1=-1, [0, 0, 1, 1, 0, 0, 1, 1]
INFO:Cnadidate n=0, n-1=-1, [0, 0, 1, 1, 0, 0, 1, 1]
INFO:after 1, n=1, n-1=0, [1, 0, 1, 1, 0, 0, 1, 1]
INFO:In n=0, n-1=-1, [1, 0, 1, 1, 0, 0, 1, 1]
INFO:Cnadidate n=0, n-1=-1, [1, 0, 1, 1, 0, 0, 1, 1]
INFO:after 1, n=2, n-1=1, [1, 1, 1, 1, 0, 0, 1, 1]
INFO:In n=1, n-1=0, [1, 1, 1, 1, 0, 0, 1, 1]
INFO:after 0, n=1, n-1=0, [0, 1, 1, 1, 0, 0, 1, 1]
INFO:In n=0, n-1=-1, [0, 1, 1, 1, 0, 0, 1, 1]
INFO:Cnadidate n=0, n-1=-1, [0, 1, 1, 1, 0, 0, 1, 1]
INFO:after 1, n=1, n-1=0, [1, 1, 1, 1, 0, 0, 1, 1]
INFO:In n=0, n-1=-1, [1, 1, 1, 1, 0, 0, 1, 1]
INFO:Cnadidate n=0, n-1=-1, [1, 1, 1, 1, 0, 0, 1, 1]
INFO:after 1, n=5, n-1=4, [1, 1, 1, 1, 1, 0, 1, 1]
INFO:In n=4, n-1=3, [1, 1, 1, 1, 1, 0, 1, 1]
INFO:after 0, n=4, n-1=3, [1, 1, 1, 0, 1, 0, 1, 1]
INFO:In n=3, n-1=2, [1, 1, 1, 0, 1, 0, 1, 1]
INFO:after 0, n=3, n-1=2, [1, 1, 0, 0, 1, 0, 1, 1]
INFO:In n=2, n-1=1, [1, 1, 0, 0, 1, 0, 1, 1]
INFO:after 0, n=2, n-1=1, [1, 0, 0, 0, 1, 0, 1, 1]
INFO:In n=1, n-1=0, [1, 0, 0, 0, 1, 0, 1, 1]
INFO:after 0, n=1, n-1=0, [0, 0, 0, 0, 1, 0, 1, 1]
INFO:In n=0, n-1=-1, [0, 0, 0, 0, 1, 0, 1, 1]
INFO:Cnadidate n=0, n-1=-1, [0, 0, 0, 0, 1, 0, 1, 1]
INFO:after 1, n=1, n-1=0, [1, 0, 0, 0, 1, 0, 1, 1]
INFO:In n=0, n-1=-1, [1, 0, 0, 0, 1, 0, 1, 1]
INFO:Cnadidate n=0, n-1=-1, [1, 0, 0, 0, 1, 0, 1, 1]
INFO:after 1, n=2, n-1=1, [1, 1, 0, 0, 1, 0, 1, 1]
INFO:In n=1, n-1=0, [1, 1, 0, 0, 1, 0, 1, 1]
INFO:after 0, n=1, n-1=0, [0, 1, 0, 0, 1, 0, 1, 1]
INFO:In n=0, n-1=-1, [0, 1, 0, 0, 1, 0, 1, 1]
INFO:Cnadidate n=0, n-1=-1, [0, 1, 0, 0, 1, 0, 1, 1]
INFO:after 1, n=1, n-1=0, [1, 1, 0, 0, 1, 0, 1, 1]
INFO:In n=0, n-1=-1, [1, 1, 0, 0, 1, 0, 1, 1]
INFO:Cnadidate n=0, n-1=-1, [1, 1, 0, 0, 1, 0, 1, 1]
INFO:after 1, n=3, n-1=2, [1, 1, 1, 0, 1, 0, 1, 1]
INFO:In n=2, n-1=1, [1, 1, 1, 0, 1, 0, 1, 1]
INFO:after 0, n=2, n-1=1, [1, 0, 1, 0, 1, 0, 1, 1]
INFO:In n=1, n-1=0, [1, 0, 1, 0, 1, 0, 1, 1]
INFO:after 0, n=1, n-1=0, [0, 0, 1, 0, 1, 0, 1, 1]
INFO:In n=0, n-1=-1, [0, 0, 1, 0, 1, 0, 1, 1]
INFO:Cnadidate n=0, n-1=-1, [0, 0, 1, 0, 1, 0, 1, 1]
INFO:after 1, n=1, n-1=0, [1, 0, 1, 0, 1, 0, 1, 1]
INFO:In n=0, n-1=-1, [1, 0, 1, 0, 1, 0, 1, 1]
INFO:Cnadidate n=0, n-1=-1, [1, 0, 1, 0, 1, 0, 1, 1]
INFO:after 1, n=2, n-1=1, [1, 1, 1, 0, 1, 0, 1, 1]
INFO:In n=1, n-1=0, [1, 1, 1, 0, 1, 0, 1, 1]
INFO:after 0, n=1, n-1=0, [0, 1, 1, 0, 1, 0, 1, 1]
INFO:In n=0, n-1=-1, [0, 1, 1, 0, 1, 0, 1, 1]
INFO:Cnadidate n=0, n-1=-1, [0, 1, 1, 0, 1, 0, 1, 1]
INFO:after 1, n=1, n-1=0, [1, 1, 1, 0, 1, 0, 1, 1]
INFO:In n=0, n-1=-1, [1, 1, 1, 0, 1, 0, 1, 1]
INFO:Cnadidate n=0, n-1=-1, [1, 1, 1, 0, 1, 0, 1, 1]
INFO:after 1, n=4, n-1=3, [1, 1, 1, 1, 1, 0, 1, 1]
INFO:In n=3, n-1=2, [1, 1, 1, 1, 1, 0, 1, 1]
INFO:after 0, n=3, n-1=2, [1, 1, 0, 1, 1, 0, 1, 1]
INFO:In n=2, n-1=1, [1, 1, 0, 1, 1, 0, 1, 1]
INFO:after 0, n=2, n-1=1, [1, 0, 0, 1, 1, 0, 1, 1]
INFO:In n=1, n-1=0, [1, 0, 0, 1, 1, 0, 1, 1]
INFO:after 0, n=1, n-1=0, [0, 0, 0, 1, 1, 0, 1, 1]
INFO:In n=0, n-1=-1, [0, 0, 0, 1, 1, 0, 1, 1]
INFO:Cnadidate n=0, n-1=-1, [0, 0, 0, 1, 1, 0, 1, 1]
INFO:after 1, n=1, n-1=0, [1, 0, 0, 1, 1, 0, 1, 1]
INFO:In n=0, n-1=-1, [1, 0, 0, 1, 1, 0, 1, 1]
INFO:Cnadidate n=0, n-1=-1, [1, 0, 0, 1, 1, 0, 1, 1]
INFO:after 1, n=2, n-1=1, [1, 1, 0, 1, 1, 0, 1, 1]
INFO:In n=1, n-1=0, [1, 1, 0, 1, 1, 0, 1, 1]
INFO:after 0, n=1, n-1=0, [0, 1, 0, 1, 1, 0, 1, 1]
INFO:In n=0, n-1=-1, [0, 1, 0, 1, 1, 0, 1, 1]
INFO:Cnadidate n=0, n-1=-1, [0, 1, 0, 1, 1, 0, 1, 1]
INFO:after 1, n=1, n-1=0, [1, 1, 0, 1, 1, 0, 1, 1]
INFO:In n=0, n-1=-1, [1, 1, 0, 1, 1, 0, 1, 1]
INFO:Cnadidate n=0, n-1=-1, [1, 1, 0, 1, 1, 0, 1, 1]
INFO:after 1, n=3, n-1=2, [1, 1, 1, 1, 1, 0, 1, 1]
INFO:In n=2, n-1=1, [1, 1, 1, 1, 1, 0, 1, 1]
INFO:after 0, n=2, n-1=1, [1, 0, 1, 1, 1, 0, 1, 1]
INFO:In n=1, n-1=0, [1, 0, 1, 1, 1, 0, 1, 1]
INFO:after 0, n=1, n-1=0, [0, 0, 1, 1, 1, 0, 1, 1]
INFO:In n=0, n-1=-1, [0, 0, 1, 1, 1, 0, 1, 1]
INFO:Cnadidate n=0, n-1=-1, [0, 0, 1, 1, 1, 0, 1, 1]
INFO:after 1, n=1, n-1=0, [1, 0, 1, 1, 1, 0, 1, 1]
INFO:In n=0, n-1=-1, [1, 0, 1, 1, 1, 0, 1, 1]
INFO:Cnadidate n=0, n-1=-1, [1, 0, 1, 1, 1, 0, 1, 1]
INFO:after 1, n=2, n-1=1, [1, 1, 1, 1, 1, 0, 1, 1]
INFO:In n=1, n-1=0, [1, 1, 1, 1, 1, 0, 1, 1]
INFO:after 0, n=1, n-1=0, [0, 1, 1, 1, 1, 0, 1, 1]
INFO:In n=0, n-1=-1, [0, 1, 1, 1, 1, 0, 1, 1]
INFO:Cnadidate n=0, n-1=-1, [0, 1, 1, 1, 1, 0, 1, 1]
INFO:after 1, n=1, n-1=0, [1, 1, 1, 1, 1, 0, 1, 1]
INFO:In n=0, n-1=-1, [1, 1, 1, 1, 1, 0, 1, 1]
INFO:Cnadidate n=0, n-1=-1, [1, 1, 1, 1, 1, 0, 1, 1]
INFO:after 1, n=6, n-1=5, [1, 1, 1, 1, 1, 1, 1, 1]
INFO:In n=5, n-1=4, [1, 1, 1, 1, 1, 1, 1, 1]
INFO:after 0, n=5, n-1=4, [1, 1, 1, 1, 0, 1, 1, 1]
INFO:In n=4, n-1=3, [1, 1, 1, 1, 0, 1, 1, 1]
INFO:after 0, n=4, n-1=3, [1, 1, 1, 0, 0, 1, 1, 1]
INFO:In n=3, n-1=2, [1, 1, 1, 0, 0, 1, 1, 1]
INFO:after 0, n=3, n-1=2, [1, 1, 0, 0, 0, 1, 1, 1]
INFO:In n=2, n-1=1, [1, 1, 0, 0, 0, 1, 1, 1]
INFO:after 0, n=2, n-1=1, [1, 0, 0, 0, 0, 1, 1, 1]
INFO:In n=1, n-1=0, [1, 0, 0, 0, 0, 1, 1, 1]
INFO:after 0, n=1, n-1=0, [0, 0, 0, 0, 0, 1, 1, 1]
INFO:In n=0, n-1=-1, [0, 0, 0, 0, 0, 1, 1, 1]
INFO:Cnadidate n=0, n-1=-1, [0, 0, 0, 0, 0, 1, 1, 1]
INFO:after 1, n=1, n-1=0, [1, 0, 0, 0, 0, 1, 1, 1]
INFO:In n=0, n-1=-1, [1, 0, 0, 0, 0, 1, 1, 1]
INFO:Cnadidate n=0, n-1=-1, [1, 0, 0, 0, 0, 1, 1, 1]
INFO:after 1, n=2, n-1=1, [1, 1, 0, 0, 0, 1, 1, 1]
INFO:In n=1, n-1=0, [1, 1, 0, 0, 0, 1, 1, 1]
INFO:after 0, n=1, n-1=0, [0, 1, 0, 0, 0, 1, 1, 1]
INFO:In n=0, n-1=-1, [0, 1, 0, 0, 0, 1, 1, 1]
INFO:Cnadidate n=0, n-1=-1, [0, 1, 0, 0, 0, 1, 1, 1]
INFO:after 1, n=1, n-1=0, [1, 1, 0, 0, 0, 1, 1, 1]
INFO:In n=0, n-1=-1, [1, 1, 0, 0, 0, 1, 1, 1]
INFO:Cnadidate n=0, n-1=-1, [1, 1, 0, 0, 0, 1, 1, 1]
INFO:after 1, n=3, n-1=2, [1, 1, 1, 0, 0, 1, 1, 1]
INFO:In n=2, n-1=1, [1, 1, 1, 0, 0, 1, 1, 1]
INFO:after 0, n=2, n-1=1, [1, 0, 1, 0, 0, 1, 1, 1]
INFO:In n=1, n-1=0, [1, 0, 1, 0, 0, 1, 1, 1]
INFO:after 0, n=1, n-1=0, [0, 0, 1, 0, 0, 1, 1, 1]
INFO:In n=0, n-1=-1, [0, 0, 1, 0, 0, 1, 1, 1]
INFO:Cnadidate n=0, n-1=-1, [0, 0, 1, 0, 0, 1, 1, 1]
INFO:after 1, n=1, n-1=0, [1, 0, 1, 0, 0, 1, 1, 1]
INFO:In n=0, n-1=-1, [1, 0, 1, 0, 0, 1, 1, 1]
INFO:Cnadidate n=0, n-1=-1, [1, 0, 1, 0, 0, 1, 1, 1]
INFO:after 1, n=2, n-1=1, [1, 1, 1, 0, 0, 1, 1, 1]
INFO:In n=1, n-1=0, [1, 1, 1, 0, 0, 1, 1, 1]
INFO:after 0, n=1, n-1=0, [0, 1, 1, 0, 0, 1, 1, 1]
INFO:In n=0, n-1=-1, [0, 1, 1, 0, 0, 1, 1, 1]
INFO:Cnadidate n=0, n-1=-1, [0, 1, 1, 0, 0, 1, 1, 1]
INFO:after 1, n=1, n-1=0, [1, 1, 1, 0, 0, 1, 1, 1]
INFO:In n=0, n-1=-1, [1, 1, 1, 0, 0, 1, 1, 1]
INFO:Cnadidate n=0, n-1=-1, [1, 1, 1, 0, 0, 1, 1, 1]
INFO:after 1, n=4, n-1=3, [1, 1, 1, 1, 0, 1, 1, 1]
INFO:In n=3, n-1=2, [1, 1, 1, 1, 0, 1, 1, 1]
INFO:after 0, n=3, n-1=2, [1, 1, 0, 1, 0, 1, 1, 1]
INFO:In n=2, n-1=1, [1, 1, 0, 1, 0, 1, 1, 1]
INFO:after 0, n=2, n-1=1, [1, 0, 0, 1, 0, 1, 1, 1]
INFO:In n=1, n-1=0, [1, 0, 0, 1, 0, 1, 1, 1]
INFO:after 0, n=1, n-1=0, [0, 0, 0, 1, 0, 1, 1, 1]
INFO:In n=0, n-1=-1, [0, 0, 0, 1, 0, 1, 1, 1]
INFO:Cnadidate n=0, n-1=-1, [0, 0, 0, 1, 0, 1, 1, 1]
INFO:after 1, n=1, n-1=0, [1, 0, 0, 1, 0, 1, 1, 1]
INFO:In n=0, n-1=-1, [1, 0, 0, 1, 0, 1, 1, 1]
INFO:Cnadidate n=0, n-1=-1, [1, 0, 0, 1, 0, 1, 1, 1]
INFO:after 1, n=2, n-1=1, [1, 1, 0, 1, 0, 1, 1, 1]
INFO:In n=1, n-1=0, [1, 1, 0, 1, 0, 1, 1, 1]
INFO:after 0, n=1, n-1=0, [0, 1, 0, 1, 0, 1, 1, 1]
INFO:In n=0, n-1=-1, [0, 1, 0, 1, 0, 1, 1, 1]
INFO:Cnadidate n=0, n-1=-1, [0, 1, 0, 1, 0, 1, 1, 1]
INFO:after 1, n=1, n-1=0, [1, 1, 0, 1, 0, 1, 1, 1]
INFO:In n=0, n-1=-1, [1, 1, 0, 1, 0, 1, 1, 1]
INFO:Cnadidate n=0, n-1=-1, [1, 1, 0, 1, 0, 1, 1, 1]
INFO:after 1, n=3, n-1=2, [1, 1, 1, 1, 0, 1, 1, 1]
INFO:In n=2, n-1=1, [1, 1, 1, 1, 0, 1, 1, 1]
INFO:after 0, n=2, n-1=1, [1, 0, 1, 1, 0, 1, 1, 1]
INFO:In n=1, n-1=0, [1, 0, 1, 1, 0, 1, 1, 1]
INFO:after 0, n=1, n-1=0, [0, 0, 1, 1, 0, 1, 1, 1]
INFO:In n=0, n-1=-1, [0, 0, 1, 1, 0, 1, 1, 1]
INFO:Cnadidate n=0, n-1=-1, [0, 0, 1, 1, 0, 1, 1, 1]
INFO:after 1, n=1, n-1=0, [1, 0, 1, 1, 0, 1, 1, 1]
INFO:In n=0, n-1=-1, [1, 0, 1, 1, 0, 1, 1, 1]
INFO:Cnadidate n=0, n-1=-1, [1, 0, 1, 1, 0, 1, 1, 1]
INFO:after 1, n=2, n-1=1, [1, 1, 1, 1, 0, 1, 1, 1]
INFO:In n=1, n-1=0, [1, 1, 1, 1, 0, 1, 1, 1]
INFO:after 0, n=1, n-1=0, [0, 1, 1, 1, 0, 1, 1, 1]
INFO:In n=0, n-1=-1, [0, 1, 1, 1, 0, 1, 1, 1]
INFO:Cnadidate n=0, n-1=-1, [0, 1, 1, 1, 0, 1, 1, 1]
INFO:after 1, n=1, n-1=0, [1, 1, 1, 1, 0, 1, 1, 1]
INFO:In n=0, n-1=-1, [1, 1, 1, 1, 0, 1, 1, 1]
INFO:Cnadidate n=0, n-1=-1, [1, 1, 1, 1, 0, 1, 1, 1]
INFO:after 1, n=5, n-1=4, [1, 1, 1, 1, 1, 1, 1, 1]
INFO:In n=4, n-1=3, [1, 1, 1, 1, 1, 1, 1, 1]
INFO:after 0, n=4, n-1=3, [1, 1, 1, 0, 1, 1, 1, 1]
INFO:In n=3, n-1=2, [1, 1, 1, 0, 1, 1, 1, 1]
INFO:after 0, n=3, n-1=2, [1, 1, 0, 0, 1, 1, 1, 1]
INFO:In n=2, n-1=1, [1, 1, 0, 0, 1, 1, 1, 1]
INFO:after 0, n=2, n-1=1, [1, 0, 0, 0, 1, 1, 1, 1]
INFO:In n=1, n-1=0, [1, 0, 0, 0, 1, 1, 1, 1]
INFO:after 0, n=1, n-1=0, [0, 0, 0, 0, 1, 1, 1, 1]
INFO:In n=0, n-1=-1, [0, 0, 0, 0, 1, 1, 1, 1]
INFO:Cnadidate n=0, n-1=-1, [0, 0, 0, 0, 1, 1, 1, 1]
INFO:after 1, n=1, n-1=0, [1, 0, 0, 0, 1, 1, 1, 1]
INFO:In n=0, n-1=-1, [1, 0, 0, 0, 1, 1, 1, 1]
INFO:Cnadidate n=0, n-1=-1, [1, 0, 0, 0, 1, 1, 1, 1]
INFO:after 1, n=2, n-1=1, [1, 1, 0, 0, 1, 1, 1, 1]
INFO:In n=1, n-1=0, [1, 1, 0, 0, 1, 1, 1, 1]
INFO:after 0, n=1, n-1=0, [0, 1, 0, 0, 1, 1, 1, 1]
INFO:In n=0, n-1=-1, [0, 1, 0, 0, 1, 1, 1, 1]
INFO:Cnadidate n=0, n-1=-1, [0, 1, 0, 0, 1, 1, 1, 1]
INFO:after 1, n=1, n-1=0, [1, 1, 0, 0, 1, 1, 1, 1]
INFO:In n=0, n-1=-1, [1, 1, 0, 0, 1, 1, 1, 1]
INFO:Cnadidate n=0, n-1=-1, [1, 1, 0, 0, 1, 1, 1, 1]
INFO:after 1, n=3, n-1=2, [1, 1, 1, 0, 1, 1, 1, 1]
INFO:In n=2, n-1=1, [1, 1, 1, 0, 1, 1, 1, 1]
INFO:after 0, n=2, n-1=1, [1, 0, 1, 0, 1, 1, 1, 1]
INFO:In n=1, n-1=0, [1, 0, 1, 0, 1, 1, 1, 1]
INFO:after 0, n=1, n-1=0, [0, 0, 1, 0, 1, 1, 1, 1]
INFO:In n=0, n-1=-1, [0, 0, 1, 0, 1, 1, 1, 1]
INFO:Cnadidate n=0, n-1=-1, [0, 0, 1, 0, 1, 1, 1, 1]
INFO:after 1, n=1, n-1=0, [1, 0, 1, 0, 1, 1, 1, 1]
INFO:In n=0, n-1=-1, [1, 0, 1, 0, 1, 1, 1, 1]
INFO:Cnadidate n=0, n-1=-1, [1, 0, 1, 0, 1, 1, 1, 1]
INFO:after 1, n=2, n-1=1, [1, 1, 1, 0, 1, 1, 1, 1]
INFO:In n=1, n-1=0, [1, 1, 1, 0, 1, 1, 1, 1]
INFO:after 0, n=1, n-1=0, [0, 1, 1, 0, 1, 1, 1, 1]
INFO:In n=0, n-1=-1, [0, 1, 1, 0, 1, 1, 1, 1]
INFO:Cnadidate n=0, n-1=-1, [0, 1, 1, 0, 1, 1, 1, 1]
INFO:after 1, n=1, n-1=0, [1, 1, 1, 0, 1, 1, 1, 1]
INFO:In n=0, n-1=-1, [1, 1, 1, 0, 1, 1, 1, 1]
INFO:Cnadidate n=0, n-1=-1, [1, 1, 1, 0, 1, 1, 1, 1]
INFO:after 1, n=4, n-1=3, [1, 1, 1, 1, 1, 1, 1, 1]
INFO:In n=3, n-1=2, [1, 1, 1, 1, 1, 1, 1, 1]
INFO:after 0, n=3, n-1=2, [1, 1, 0, 1, 1, 1, 1, 1]
INFO:In n=2, n-1=1, [1, 1, 0, 1, 1, 1, 1, 1]
INFO:after 0, n=2, n-1=1, [1, 0, 0, 1, 1, 1, 1, 1]
INFO:In n=1, n-1=0, [1, 0, 0, 1, 1, 1, 1, 1]
INFO:after 0, n=1, n-1=0, [0, 0, 0, 1, 1, 1, 1, 1]
INFO:In n=0, n-1=-1, [0, 0, 0, 1, 1, 1, 1, 1]
INFO:Cnadidate n=0, n-1=-1, [0, 0, 0, 1, 1, 1, 1, 1]
INFO:after 1, n=1, n-1=0, [1, 0, 0, 1, 1, 1, 1, 1]
INFO:In n=0, n-1=-1, [1, 0, 0, 1, 1, 1, 1, 1]
INFO:Cnadidate n=0, n-1=-1, [1, 0, 0, 1, 1, 1, 1, 1]
INFO:after 1, n=2, n-1=1, [1, 1, 0, 1, 1, 1, 1, 1]
INFO:In n=1, n-1=0, [1, 1, 0, 1, 1, 1, 1, 1]
INFO:after 0, n=1, n-1=0, [0, 1, 0, 1, 1, 1, 1, 1]
INFO:In n=0, n-1=-1, [0, 1, 0, 1, 1, 1, 1, 1]
INFO:Cnadidate n=0, n-1=-1, [0, 1, 0, 1, 1, 1, 1, 1]
INFO:after 1, n=1, n-1=0, [1, 1, 0, 1, 1, 1, 1, 1]
INFO:In n=0, n-1=-1, [1, 1, 0, 1, 1, 1, 1, 1]
INFO:Cnadidate n=0, n-1=-1, [1, 1, 0, 1, 1, 1, 1, 1]
INFO:after 1, n=3, n-1=2, [1, 1, 1, 1, 1, 1, 1, 1]
INFO:In n=2, n-1=1, [1, 1, 1, 1, 1, 1, 1, 1]
INFO:after 0, n=2, n-1=1, [1, 0, 1, 1, 1, 1, 1, 1]
INFO:In n=1, n-1=0, [1, 0, 1, 1, 1, 1, 1, 1]
INFO:after 0, n=1, n-1=0, [0, 0, 1, 1, 1, 1, 1, 1]
INFO:In n=0, n-1=-1, [0, 0, 1, 1, 1, 1, 1, 1]
INFO:Cnadidate n=0, n-1=-1, [0, 0, 1, 1, 1, 1, 1, 1]
INFO:after 1, n=1, n-1=0, [1, 0, 1, 1, 1, 1, 1, 1]
INFO:In n=0, n-1=-1, [1, 0, 1, 1, 1, 1, 1, 1]
INFO:Cnadidate n=0, n-1=-1, [1, 0, 1, 1, 1, 1, 1, 1]
INFO:after 1, n=2, n-1=1, [1, 1, 1, 1, 1, 1, 1, 1]
INFO:In n=1, n-1=0, [1, 1, 1, 1, 1, 1, 1, 1]
INFO:after 0, n=1, n-1=0, [0, 1, 1, 1, 1, 1, 1, 1]
INFO:In n=0, n-1=-1, [0, 1, 1, 1, 1, 1, 1, 1]
INFO:Cnadidate n=0, n-1=-1, [0, 1, 1, 1, 1, 1, 1, 1]
INFO:after 1, n=1, n-1=0, [1, 1, 1, 1, 1, 1, 1, 1]
INFO:In n=0, n-1=-1, [1, 1, 1, 1, 1, 1, 1, 1]
INFO:Cnadidate n=0, n-1=-1, [1, 1, 1, 1, 1, 1, 1, 1]
INFO:In n=4, n-1=3, ['x', 'x', 'x', 'x']
INFO:after 0, n=4, n-1=3, ['x', 'x', 'x', 0]
INFO:In n=3, n-1=2, ['x', 'x', 'x', 0]
INFO:after 0, n=3, n-1=2, ['x', 'x', 0, 0]
INFO:In n=2, n-1=1, ['x', 'x', 0, 0]
INFO:after 0, n=2, n-1=1, ['x', 0, 0, 0]
INFO:In n=1, n-1=0, ['x', 0, 0, 0]
INFO:after 0, n=1, n-1=0, [0, 0, 0, 0]
INFO:In n=0, n-1=-1, [0, 0, 0, 0]
INFO:Cnadidate n=0, n-1=-1, [0, 0, 0, 0]
INFO:after 1, n=1, n-1=0, [1, 0, 0, 0]
INFO:In n=0, n-1=-1, [1, 0, 0, 0]
INFO:Cnadidate n=0, n-1=-1, [1, 0, 0, 0]
INFO:after 1, n=2, n-1=1, [1, 1, 0, 0]
INFO:In n=1, n-1=0, [1, 1, 0, 0]
INFO:after 0, n=1, n-1=0, [0, 1, 0, 0]
INFO:In n=0, n-1=-1, [0, 1, 0, 0]
INFO:Cnadidate n=0, n-1=-1, [0, 1, 0, 0]
INFO:after 1, n=1, n-1=0, [1, 1, 0, 0]
INFO:In n=0, n-1=-1, [1, 1, 0, 0]
INFO:Cnadidate n=0, n-1=-1, [1, 1, 0, 0]
INFO:after 1, n=3, n-1=2, [1, 1, 1, 0]
INFO:In n=2, n-1=1, [1, 1, 1, 0]
INFO:after 0, n=2, n-1=1, [1, 0, 1, 0]
INFO:In n=1, n-1=0, [1, 0, 1, 0]
INFO:after 0, n=1, n-1=0, [0, 0, 1, 0]
INFO:In n=0, n-1=-1, [0, 0, 1, 0]
INFO:Cnadidate n=0, n-1=-1, [0, 0, 1, 0]
INFO:after 1, n=1, n-1=0, [1, 0, 1, 0]
INFO:In n=0, n-1=-1, [1, 0, 1, 0]
INFO:Cnadidate n=0, n-1=-1, [1, 0, 1, 0]
INFO:after 1, n=2, n-1=1, [1, 1, 1, 0]
INFO:In n=1, n-1=0, [1, 1, 1, 0]
INFO:after 0, n=1, n-1=0, [0, 1, 1, 0]
INFO:In n=0, n-1=-1, [0, 1, 1, 0]
INFO:Cnadidate n=0, n-1=-1, [0, 1, 1, 0]
INFO:after 1, n=1, n-1=0, [1, 1, 1, 0]
INFO:In n=0, n-1=-1, [1, 1, 1, 0]
INFO:Cnadidate n=0, n-1=-1, [1, 1, 1, 0]
INFO:after 1, n=4, n-1=3, [1, 1, 1, 1]
INFO:In n=3, n-1=2, [1, 1, 1, 1]
INFO:after 0, n=3, n-1=2, [1, 1, 0, 1]
INFO:In n=2, n-1=1, [1, 1, 0, 1]
INFO:after 0, n=2, n-1=1, [1, 0, 0, 1]
INFO:In n=1, n-1=0, [1, 0, 0, 1]
INFO:after 0, n=1, n-1=0, [0, 0, 0, 1]
INFO:In n=0, n-1=-1, [0, 0, 0, 1]
INFO:Cnadidate n=0, n-1=-1, [0, 0, 0, 1]
INFO:after 1, n=1, n-1=0, [1, 0, 0, 1]
INFO:In n=0, n-1=-1, [1, 0, 0, 1]
INFO:Cnadidate n=0, n-1=-1, [1, 0, 0, 1]
INFO:after 1, n=2, n-1=1, [1, 1, 0, 1]
INFO:In n=1, n-1=0, [1, 1, 0, 1]
INFO:after 0, n=1, n-1=0, [0, 1, 0, 1]
INFO:In n=0, n-1=-1, [0, 1, 0, 1]
INFO:Cnadidate n=0, n-1=-1, [0, 1, 0, 1]
INFO:after 1, n=1, n-1=0, [1, 1, 0, 1]
INFO:In n=0, n-1=-1, [1, 1, 0, 1]
INFO:Cnadidate n=0, n-1=-1, [1, 1, 0, 1]
INFO:after 1, n=3, n-1=2, [1, 1, 1, 1]
INFO:In n=2, n-1=1, [1, 1, 1, 1]
INFO:after 0, n=2, n-1=1, [1, 0, 1, 1]
INFO:In n=1, n-1=0, [1, 0, 1, 1]
INFO:after 0, n=1, n-1=0, [0, 0, 1, 1]
INFO:In n=0, n-1=-1, [0, 0, 1, 1]
INFO:Cnadidate n=0, n-1=-1, [0, 0, 1, 1]
INFO:after 1, n=1, n-1=0, [1, 0, 1, 1]
INFO:In n=0, n-1=-1, [1, 0, 1, 1]
INFO:Cnadidate n=0, n-1=-1, [1, 0, 1, 1]
INFO:after 1, n=2, n-1=1, [1, 1, 1, 1]
INFO:In n=1, n-1=0, [1, 1, 1, 1]
INFO:after 0, n=1, n-1=0, [0, 1, 1, 1]
INFO:In n=0, n-1=-1, [0, 1, 1, 1]
INFO:Cnadidate n=0, n-1=-1, [0, 1, 1, 1]
INFO:after 1, n=1, n-1=0, [1, 1, 1, 1]
INFO:In n=0, n-1=-1, [1, 1, 1, 1]
INFO:Cnadidate n=0, n-1=-1, [1, 1, 1, 1]
